2024-09-03 16:05:30,587 - INFO - Article saved as data/processed\5142.txt
2024-09-03 16:11:17,921 - INFO - Article saved as data/processed\5142.txt
2024-09-03 17:03:04,215 - ERROR - An error occurred while reading the Excel file None: Invalid file path or buffer object type: <class 'NoneType'>
2024-09-03 17:03:04,215 - ERROR - An error occurred in the main function: Invalid file path or buffer object type: <class 'NoneType'>
2024-09-03 17:07:50,154 - ERROR - An error occurred while reading the Excel file data/input.xlsx: Missing optional dependency 'openpyxl'.  Use pip or conda to install openpyxl.
2024-09-03 17:07:50,154 - ERROR - An error occurred in the main function: Missing optional dependency ' '.  Use pip or conda to install openpyxl.
2024-09-03 17:09:10,734 - INFO - Article saved as data/processed\bctech2011.txt
2024-09-03 17:09:12,495 - INFO - Article saved as data/processed\bctech2012.txt
2024-09-03 17:09:14,809 - INFO - Article saved as data/processed\bctech2013.txt
2024-09-03 17:09:17,938 - INFO - Article saved as data/processed\bctech2014.txt
2024-09-03 17:09:19,780 - INFO - Article saved as data/processed\bctech2015.txt
2024-09-03 17:09:21,584 - INFO - Article saved as data/processed\bctech2016.txt
2024-09-03 17:09:23,292 - INFO - Article saved as data/processed\bctech2017.txt
2024-09-03 17:09:25,126 - INFO - Article saved as data/processed\bctech2018.txt
2024-09-03 17:09:26,936 - INFO - Article saved as data/processed\bctech2019.txt
2024-09-03 17:09:28,753 - INFO - Article saved as data/processed\bctech2020.txt
2024-09-03 17:09:30,514 - INFO - Article saved as data/processed\bctech2021.txt
2024-09-03 17:09:32,373 - INFO - Article saved as data/processed\bctech2022.txt
2024-09-03 17:09:34,120 - INFO - Article saved as data/processed\bctech2023.txt
2024-09-03 17:09:35,820 - INFO - Article saved as data/processed\bctech2024.txt
2024-09-03 17:09:37,618 - INFO - Article saved as data/processed\bctech2025.txt
2024-09-03 17:09:39,354 - INFO - Article saved as data/processed\bctech2026.txt
2024-09-03 17:09:41,107 - INFO - Article saved as data/processed\bctech2027.txt
2024-09-03 17:09:42,975 - INFO - Article saved as data/processed\bctech2028.txt
2024-09-03 17:09:44,772 - INFO - Article saved as data/processed\bctech2029.txt
2024-09-03 17:09:46,504 - INFO - Article saved as data/processed\bctech2030.txt
2024-09-03 17:09:48,372 - INFO - Article saved as data/processed\bctech2031.txt
2024-09-03 17:09:50,072 - INFO - Article saved as data/processed\bctech2032.txt
2024-09-03 17:09:51,788 - INFO - Article saved as data/processed\bctech2033.txt
2024-09-03 17:09:53,538 - INFO - Article saved as data/processed\bctech2034.txt
2024-09-03 17:09:55,343 - INFO - Article saved as data/processed\bctech2035.txt
2024-09-03 17:09:57,126 - INFO - Article saved as data/processed\bctech2036.txt
2024-09-03 17:09:58,888 - INFO - Article saved as data/processed\bctech2037.txt
2024-09-03 17:10:00,573 - INFO - Article saved as data/processed\bctech2038.txt
2024-09-03 17:10:02,407 - INFO - Article saved as data/processed\bctech2039.txt
2024-09-03 17:10:04,272 - INFO - Article saved as data/processed\bctech2040.txt
2024-09-03 17:10:06,040 - INFO - Article saved as data/processed\bctech2041.txt
2024-09-03 17:10:07,843 - INFO - Article saved as data/processed\bctech2042.txt
2024-09-03 17:10:09,591 - INFO - Article saved as data/processed\bctech2043.txt
2024-09-03 17:10:11,381 - INFO - Article saved as data/processed\bctech2044.txt
2024-09-03 17:10:13,125 - INFO - Article saved as data/processed\bctech2045.txt
2024-09-03 17:10:15,202 - INFO - Article saved as data/processed\bctech2046.txt
2024-09-03 17:10:17,024 - INFO - Article saved as data/processed\bctech2047.txt
2024-09-03 17:10:18,723 - INFO - Article saved as data/processed\bctech2048.txt
2024-09-03 17:10:20,525 - INFO - Article saved as data/processed\bctech2049.txt
2024-09-03 17:10:22,325 - INFO - Article saved as data/processed\bctech2050.txt
2024-09-03 17:10:24,057 - INFO - Article saved as data/processed\bctech2051.txt
2024-09-03 17:10:25,743 - INFO - Article saved as data/processed\bctech2052.txt
2024-09-03 17:10:27,522 - INFO - Article saved as data/processed\bctech2053.txt
2024-09-03 17:10:29,310 - INFO - Article saved as data/processed\bctech2054.txt
2024-09-03 17:10:30,993 - INFO - Article saved as data/processed\bctech2055.txt
2024-09-03 17:10:32,774 - INFO - Article saved as data/processed\bctech2056.txt
2024-09-03 17:10:34,558 - INFO - Article saved as data/processed\bctech2057.txt
2024-09-03 17:10:36,285 - INFO - Article saved as data/processed\bctech2058.txt
2024-09-03 17:10:38,125 - INFO - Article saved as data/processed\bctech2059.txt
2024-09-03 17:10:40,095 - INFO - Article saved as data/processed\bctech2060.txt
2024-09-03 17:10:41,844 - INFO - Article saved as data/processed\bctech2061.txt
2024-09-03 17:10:43,594 - INFO - Article saved as data/processed\bctech2062.txt
2024-09-03 17:10:45,277 - INFO - Article saved as data/processed\bctech2063.txt
2024-09-03 17:10:47,059 - INFO - Article saved as data/processed\bctech2064.txt
2024-09-03 17:10:48,850 - INFO - Article saved as data/processed\bctech2065.txt
2024-09-03 17:10:50,614 - INFO - Article saved as data/processed\bctech2066.txt
2024-09-03 17:10:52,393 - INFO - Article saved as data/processed\bctech2067.txt
2024-09-03 17:10:54,193 - INFO - Article saved as data/processed\bctech2068.txt
2024-09-03 17:10:55,958 - INFO - Article saved as data/processed\bctech2069.txt
2024-09-03 17:10:57,646 - INFO - Article saved as data/processed\bctech2070.txt
2024-09-03 17:10:59,361 - INFO - Article saved as data/processed\bctech2071.txt
2024-09-03 17:11:01,062 - INFO - Article saved as data/processed\bctech2072.txt
2024-09-03 17:11:02,877 - INFO - Article saved as data/processed\bctech2073.txt
2024-09-03 17:11:04,678 - INFO - Article saved as data/processed\bctech2074.txt
2024-09-03 17:11:06,435 - INFO - Article saved as data/processed\bctech2075.txt
2024-09-03 17:11:08,201 - INFO - Article saved as data/processed\bctech2076.txt
2024-09-03 17:11:10,009 - INFO - Article saved as data/processed\bctech2077.txt
2024-09-03 17:11:11,682 - INFO - Article saved as data/processed\bctech2078.txt
2024-09-03 17:11:13,433 - INFO - Article saved as data/processed\bctech2079.txt
2024-09-03 17:11:15,146 - INFO - Article saved as data/processed\bctech2080.txt
2024-09-03 17:11:16,946 - INFO - Article saved as data/processed\bctech2081.txt
2024-09-03 17:11:18,674 - INFO - Article saved as data/processed\bctech2082.txt
2024-09-03 17:11:20,467 - INFO - Article saved as data/processed\bctech2083.txt
2024-09-03 17:11:22,180 - INFO - Article saved as data/processed\bctech2084.txt
2024-09-03 17:11:23,948 - INFO - Article saved as data/processed\bctech2085.txt
2024-09-03 17:11:25,736 - INFO - Article saved as data/processed\bctech2086.txt
2024-09-03 17:11:27,563 - INFO - Article saved as data/processed\bctech2087.txt
2024-09-03 17:11:29,363 - INFO - Article saved as data/processed\bctech2088.txt
2024-09-03 17:11:31,116 - INFO - Article saved as data/processed\bctech2089.txt
2024-09-03 17:11:32,830 - INFO - Article saved as data/processed\bctech2090.txt
2024-09-03 17:11:34,596 - INFO - Article saved as data/processed\bctech2091.txt
2024-09-03 17:11:36,331 - INFO - Article saved as data/processed\bctech2092.txt
2024-09-03 17:11:38,082 - INFO - Article saved as data/processed\bctech2093.txt
2024-09-03 17:11:39,884 - INFO - Article saved as data/processed\bctech2094.txt
2024-09-03 17:11:41,647 - INFO - Article saved as data/processed\bctech2095.txt
2024-09-03 17:11:43,469 - INFO - Article saved as data/processed\bctech2096.txt
2024-09-03 17:11:45,203 - INFO - Article saved as data/processed\bctech2097.txt
2024-09-03 17:11:46,848 - INFO - Article saved as data/processed\bctech2098.txt
2024-09-03 17:11:48,613 - INFO - Article saved as data/processed\bctech2099.txt
2024-09-03 17:11:50,348 - INFO - Article saved as data/processed\bctech2100.txt
2024-09-03 17:11:52,082 - INFO - Article saved as data/processed\bctech2101.txt
2024-09-03 17:11:53,825 - INFO - Article saved as data/processed\bctech2102.txt
2024-09-03 17:11:55,557 - INFO - Article saved as data/processed\bctech2103.txt
2024-09-03 17:11:57,249 - INFO - Article saved as data/processed\bctech2104.txt
2024-09-03 17:11:59,288 - INFO - Article saved as data/processed\bctech2105.txt
2024-09-03 17:12:00,996 - INFO - Article saved as data/processed\bctech2106.txt
2024-09-03 17:12:02,757 - INFO - Article saved as data/processed\bctech2107.txt
2024-09-03 17:12:04,416 - INFO - Article saved as data/processed\bctech2108.txt
2024-09-03 17:12:06,158 - INFO - Article saved as data/processed\bctech2109.txt
2024-09-03 17:12:07,903 - INFO - Article saved as data/processed\bctech2110.txt
2024-09-03 17:12:09,635 - INFO - Article saved as data/processed\bctech2111.txt
2024-09-03 17:12:11,352 - INFO - Article saved as data/processed\bctech2112.txt
2024-09-03 17:12:13,092 - INFO - Article saved as data/processed\bctech2113.txt
2024-09-03 17:12:14,742 - INFO - Article saved as data/processed\bctech2114.txt
2024-09-03 17:12:16,544 - INFO - Article saved as data/processed\bctech2115.txt
2024-09-03 17:12:18,259 - INFO - Article saved as data/processed\bctech2116.txt
2024-09-03 17:12:19,967 - INFO - Article saved as data/processed\bctech2117.txt
2024-09-03 17:12:21,686 - INFO - Article saved as data/processed\bctech2118.txt
2024-09-03 17:12:23,421 - INFO - Article saved as data/processed\bctech2119.txt
2024-09-03 17:12:25,173 - INFO - Article saved as data/processed\bctech2120.txt
2024-09-03 17:12:26,917 - INFO - Article saved as data/processed\bctech2121.txt
2024-09-03 17:12:28,546 - INFO - Article saved as data/processed\bctech2122.txt
2024-09-03 17:12:30,236 - INFO - Article saved as data/processed\bctech2123.txt
2024-09-03 17:12:32,092 - INFO - Article saved as data/processed\bctech2124.txt
2024-09-03 17:12:33,833 - INFO - Article saved as data/processed\bctech2125.txt
2024-09-03 17:12:35,571 - INFO - Article saved as data/processed\bctech2126.txt
2024-09-03 17:12:37,327 - INFO - Article saved as data/processed\bctech2127.txt
2024-09-03 17:12:39,154 - INFO - Article saved as data/processed\bctech2128.txt
2024-09-03 17:12:40,837 - INFO - Article saved as data/processed\bctech2129.txt
2024-09-03 17:12:42,589 - INFO - Article saved as data/processed\bctech2130.txt
2024-09-03 17:12:44,312 - INFO - Article saved as data/processed\bctech2131.txt
2024-09-03 17:12:46,049 - INFO - Article saved as data/processed\bctech2132.txt
2024-09-03 17:12:47,841 - INFO - Article saved as data/processed\bctech2133.txt
2024-09-03 17:12:49,606 - INFO - Article saved as data/processed\bctech2134.txt
2024-09-03 17:12:51,274 - INFO - Article saved as data/processed\bctech2135.txt
2024-09-03 17:12:53,023 - INFO - Article saved as data/processed\bctech2136.txt
2024-09-03 17:12:54,805 - INFO - Article saved as data/processed\bctech2137.txt
2024-09-03 17:12:56,555 - INFO - Article saved as data/processed\bctech2138.txt
2024-09-03 17:12:58,294 - INFO - Article saved as data/processed\bctech2139.txt
2024-09-03 17:13:00,042 - INFO - Article saved as data/processed\bctech2140.txt
2024-09-03 17:13:01,871 - INFO - Article saved as data/processed\bctech2141.txt
2024-09-03 17:13:03,752 - INFO - Article saved as data/processed\bctech2142.txt
2024-09-03 17:13:05,527 - INFO - Article saved as data/processed\bctech2143.txt
2024-09-03 17:13:07,276 - INFO - Article saved as data/processed\bctech2144.txt
2024-09-03 17:13:09,010 - INFO - Article saved as data/processed\bctech2145.txt
2024-09-03 17:13:10,673 - INFO - Article saved as data/processed\bctech2146.txt
2024-09-03 17:13:12,415 - INFO - Article saved as data/processed\bctech2147.txt
2024-09-03 17:13:14,178 - INFO - Article saved as data/processed\bctech2148.txt
2024-09-03 17:13:15,895 - INFO - Article saved as data/processed\bctech2149.txt
2024-09-03 17:13:17,587 - INFO - Article saved as data/processed\bctech2150.txt
2024-09-03 17:13:19,352 - INFO - Article saved as data/processed\bctech2151.txt
2024-09-03 17:13:21,198 - INFO - Article saved as data/processed\bctech2152.txt
2024-09-03 17:13:22,943 - INFO - Article saved as data/processed\bctech2153.txt
2024-09-03 17:13:24,689 - INFO - Article saved as data/processed\bctech2154.txt
2024-09-03 17:13:26,367 - INFO - Article saved as data/processed\bctech2155.txt
2024-09-03 17:13:28,148 - INFO - Article saved as data/processed\bctech2156.txt
2024-09-03 17:13:29,883 - INFO - Article saved as data/processed\bctech2157.txt
2024-09-03 17:40:40,955 - INFO - Article saved as data/processed\bctech2011.txt
2024-09-03 17:40:42,702 - INFO - Article saved as data/processed\bctech2012.txt
2024-09-03 17:40:44,499 - INFO - Article saved as data/processed\bctech2013.txt
2024-09-03 17:40:46,246 - INFO - Article saved as data/processed\bctech2014.txt
2024-09-03 17:40:48,038 - INFO - Article saved as data/processed\bctech2015.txt
2024-09-03 17:40:49,745 - INFO - Article saved as data/processed\bctech2016.txt
2024-09-03 17:40:51,532 - INFO - Article saved as data/processed\bctech2017.txt
2024-09-03 17:40:53,290 - INFO - Article saved as data/processed\bctech2018.txt
2024-09-03 17:40:55,041 - INFO - Article saved as data/processed\bctech2019.txt
2024-09-03 17:40:56,802 - INFO - Article saved as data/processed\bctech2020.txt
2024-09-03 17:40:58,563 - INFO - Article saved as data/processed\bctech2021.txt
2024-09-03 17:41:00,292 - INFO - Article saved as data/processed\bctech2022.txt
2024-09-03 17:41:02,073 - INFO - Article saved as data/processed\bctech2023.txt
2024-09-03 17:41:03,790 - INFO - Article saved as data/processed\bctech2024.txt
2024-09-03 17:41:05,556 - INFO - Article saved as data/processed\bctech2025.txt
2024-09-03 17:41:07,223 - INFO - Article saved as data/processed\bctech2026.txt
2024-09-03 17:41:08,990 - INFO - Article saved as data/processed\bctech2027.txt
2024-09-03 17:41:10,788 - INFO - Article saved as data/processed\bctech2028.txt
2024-09-03 17:41:12,821 - INFO - Article saved as data/processed\bctech2029.txt
2024-09-03 17:41:15,019 - INFO - Article saved as data/processed\bctech2030.txt
2024-09-03 17:41:16,905 - INFO - Article saved as data/processed\bctech2031.txt
2024-09-03 17:41:18,711 - INFO - Article saved as data/processed\bctech2032.txt
2024-09-03 17:41:20,512 - INFO - Article saved as data/processed\bctech2033.txt
2024-09-03 17:41:22,172 - INFO - Article saved as data/processed\bctech2034.txt
2024-09-03 17:41:23,869 - INFO - Article saved as data/processed\bctech2035.txt
2024-09-03 17:41:25,544 - INFO - Article saved as data/processed\bctech2036.txt
2024-09-03 17:41:27,402 - INFO - Article saved as data/processed\bctech2037.txt
2024-09-03 17:41:29,436 - INFO - Article saved as data/processed\bctech2038.txt
2024-09-03 17:41:31,092 - INFO - Article saved as data/processed\bctech2039.txt
2024-09-03 17:41:32,859 - INFO - Article saved as data/processed\bctech2040.txt
2024-09-03 17:41:34,691 - INFO - Article saved as data/processed\bctech2041.txt
2024-09-03 17:41:36,461 - INFO - Article saved as data/processed\bctech2042.txt
2024-09-03 17:41:38,242 - INFO - Article saved as data/processed\bctech2043.txt
2024-09-03 17:41:39,962 - INFO - Article saved as data/processed\bctech2044.txt
2024-09-03 17:41:41,704 - INFO - Article saved as data/processed\bctech2045.txt
2024-09-03 17:41:43,458 - INFO - Article saved as data/processed\bctech2046.txt
2024-09-03 17:41:45,210 - INFO - Article saved as data/processed\bctech2047.txt
2024-09-03 17:41:46,960 - INFO - Article saved as data/processed\bctech2048.txt
2024-09-03 17:41:48,675 - INFO - Article saved as data/processed\bctech2049.txt
2024-09-03 17:41:50,460 - INFO - Article saved as data/processed\bctech2050.txt
2024-09-03 17:41:52,134 - INFO - Article saved as data/processed\bctech2051.txt
2024-09-03 17:41:53,892 - INFO - Article saved as data/processed\bctech2052.txt
2024-09-03 17:41:55,745 - INFO - Article saved as data/processed\bctech2053.txt
2024-09-03 17:41:57,526 - INFO - Article saved as data/processed\bctech2054.txt
2024-09-03 17:41:59,309 - INFO - Article saved as data/processed\bctech2055.txt
2024-09-03 17:42:01,193 - INFO - Article saved as data/processed\bctech2056.txt
2024-09-03 17:42:02,969 - INFO - Article saved as data/processed\bctech2057.txt
2024-09-03 17:42:04,802 - INFO - Article saved as data/processed\bctech2058.txt
2024-09-03 17:42:06,629 - INFO - Article saved as data/processed\bctech2059.txt
2024-09-03 17:42:08,409 - INFO - Article saved as data/processed\bctech2060.txt
2024-09-03 17:42:10,177 - INFO - Article saved as data/processed\bctech2061.txt
2024-09-03 17:42:11,872 - INFO - Article saved as data/processed\bctech2062.txt
2024-09-03 17:42:13,644 - INFO - Article saved as data/processed\bctech2063.txt
2024-09-03 17:42:15,429 - INFO - Article saved as data/processed\bctech2064.txt
2024-09-03 17:42:17,194 - INFO - Article saved as data/processed\bctech2065.txt
2024-09-03 17:42:18,977 - INFO - Article saved as data/processed\bctech2066.txt
2024-09-03 17:42:20,696 - INFO - Article saved as data/processed\bctech2067.txt
2024-09-03 17:42:22,499 - INFO - Article saved as data/processed\bctech2068.txt
2024-09-03 17:42:24,245 - INFO - Article saved as data/processed\bctech2069.txt
2024-09-03 17:42:25,945 - INFO - Article saved as data/processed\bctech2070.txt
2024-09-03 17:42:27,728 - INFO - Article saved as data/processed\bctech2071.txt
2024-09-03 17:42:29,545 - INFO - Article saved as data/processed\bctech2072.txt
2024-09-03 17:42:31,312 - INFO - Article saved as data/processed\bctech2073.txt
2024-09-03 17:42:33,066 - INFO - Article saved as data/processed\bctech2074.txt
2024-09-03 17:42:34,798 - INFO - Article saved as data/processed\bctech2075.txt
2024-09-03 17:42:36,558 - INFO - Article saved as data/processed\bctech2076.txt
2024-09-03 17:42:38,313 - INFO - Article saved as data/processed\bctech2077.txt
2024-09-03 17:42:40,148 - INFO - Article saved as data/processed\bctech2078.txt
2024-09-03 17:42:41,895 - INFO - Article saved as data/processed\bctech2079.txt
2024-09-03 17:42:43,663 - INFO - Article saved as data/processed\bctech2080.txt
2024-09-03 17:42:45,417 - INFO - Article saved as data/processed\bctech2081.txt
2024-09-03 17:42:47,180 - INFO - Article saved as data/processed\bctech2082.txt
2024-09-03 17:42:48,898 - INFO - Article saved as data/processed\bctech2083.txt
2024-09-03 17:42:50,678 - INFO - Article saved as data/processed\bctech2084.txt
2024-09-03 17:42:52,414 - INFO - Article saved as data/processed\bctech2085.txt
2024-09-03 17:42:54,118 - INFO - Article saved as data/processed\bctech2086.txt
2024-09-03 17:42:55,799 - INFO - Article saved as data/processed\bctech2087.txt
2024-09-03 17:42:57,666 - INFO - Article saved as data/processed\bctech2088.txt
2024-09-03 17:42:59,498 - INFO - Article saved as data/processed\bctech2089.txt
2024-09-03 17:43:01,265 - INFO - Article saved as data/processed\bctech2090.txt
2024-09-03 17:43:03,034 - INFO - Article saved as data/processed\bctech2091.txt
2024-09-03 17:43:04,767 - INFO - Article saved as data/processed\bctech2092.txt
2024-09-03 17:43:06,482 - INFO - Article saved as data/processed\bctech2093.txt
2024-09-03 17:43:08,496 - INFO - Article saved as data/processed\bctech2094.txt
2024-09-03 17:43:10,266 - INFO - Article saved as data/processed\bctech2095.txt
2024-09-03 17:43:12,015 - INFO - Article saved as data/processed\bctech2096.txt
2024-09-03 17:43:13,901 - INFO - Article saved as data/processed\bctech2097.txt
2024-09-03 17:43:15,699 - INFO - Article saved as data/processed\bctech2098.txt
2024-09-03 17:43:17,466 - INFO - Article saved as data/processed\bctech2099.txt
2024-09-03 17:43:19,216 - INFO - Article saved as data/processed\bctech2100.txt
2024-09-03 17:43:21,021 - INFO - Article saved as data/processed\bctech2101.txt
2024-09-03 17:43:22,751 - INFO - Article saved as data/processed\bctech2102.txt
2024-09-03 17:43:24,464 - INFO - Article saved as data/processed\bctech2103.txt
2024-09-03 17:43:26,117 - INFO - Article saved as data/processed\bctech2104.txt
2024-09-03 17:43:27,900 - INFO - Article saved as data/processed\bctech2105.txt
2024-09-03 17:43:29,667 - INFO - Article saved as data/processed\bctech2106.txt
2024-09-03 17:43:31,455 - INFO - Article saved as data/processed\bctech2107.txt
2024-09-03 17:43:33,221 - INFO - Article saved as data/processed\bctech2108.txt
2024-09-03 17:43:35,003 - INFO - Article saved as data/processed\bctech2109.txt
2024-09-03 17:43:36,803 - INFO - Article saved as data/processed\bctech2110.txt
2024-09-03 17:43:38,569 - INFO - Article saved as data/processed\bctech2111.txt
2024-09-03 17:43:40,336 - INFO - Article saved as data/processed\bctech2112.txt
2024-09-03 17:43:42,069 - INFO - Article saved as data/processed\bctech2113.txt
2024-09-03 17:43:43,802 - INFO - Article saved as data/processed\bctech2114.txt
2024-09-03 17:43:45,573 - INFO - Article saved as data/processed\bctech2115.txt
2024-09-03 17:43:47,404 - INFO - Article saved as data/processed\bctech2116.txt
2024-09-03 17:43:49,096 - INFO - Article saved as data/processed\bctech2117.txt
2024-09-03 17:43:50,821 - INFO - Article saved as data/processed\bctech2118.txt
2024-09-03 17:43:54,111 - INFO - Article saved as data/processed\bctech2119.txt
2024-09-03 17:43:56,729 - INFO - Article saved as data/processed\bctech2120.txt
2024-09-03 17:43:58,488 - INFO - Article saved as data/processed\bctech2121.txt
2024-09-03 17:44:00,286 - INFO - Article saved as data/processed\bctech2122.txt
2024-09-03 17:44:02,104 - INFO - Article saved as data/processed\bctech2123.txt
2024-09-03 17:44:03,907 - INFO - Article saved as data/processed\bctech2124.txt
2024-09-03 17:44:05,721 - INFO - Article saved as data/processed\bctech2125.txt
2024-09-03 17:44:08,103 - INFO - Article saved as data/processed\bctech2126.txt
2024-09-03 17:44:09,904 - INFO - Article saved as data/processed\bctech2127.txt
2024-09-03 17:44:11,626 - INFO - Article saved as data/processed\bctech2128.txt
2024-09-03 17:44:13,373 - INFO - Article saved as data/processed\bctech2129.txt
2024-09-03 17:44:15,049 - INFO - Article saved as data/processed\bctech2130.txt
2024-09-03 17:44:16,710 - INFO - Article saved as data/processed\bctech2131.txt
2024-09-03 17:44:18,490 - INFO - Article saved as data/processed\bctech2132.txt
2024-09-03 17:44:20,223 - INFO - Article saved as data/processed\bctech2133.txt
2024-09-03 17:44:21,921 - INFO - Article saved as data/processed\bctech2134.txt
2024-09-03 17:44:23,776 - INFO - Article saved as data/processed\bctech2135.txt
2024-09-03 17:44:25,505 - INFO - Article saved as data/processed\bctech2136.txt
2024-09-03 17:44:27,142 - INFO - Article saved as data/processed\bctech2137.txt
2024-09-03 17:44:28,875 - INFO - Article saved as data/processed\bctech2138.txt
2024-09-03 17:44:30,656 - INFO - Article saved as data/processed\bctech2139.txt
2024-09-03 17:44:32,393 - INFO - Article saved as data/processed\bctech2140.txt
2024-09-03 17:44:34,192 - INFO - Article saved as data/processed\bctech2141.txt
2024-09-03 17:44:35,873 - INFO - Article saved as data/processed\bctech2142.txt
2024-09-03 17:44:37,659 - INFO - Article saved as data/processed\bctech2143.txt
2024-09-03 17:44:39,542 - INFO - Article saved as data/processed\bctech2144.txt
2024-09-03 17:44:41,357 - INFO - Article saved as data/processed\bctech2145.txt
2024-09-03 17:44:43,260 - INFO - Article saved as data/processed\bctech2146.txt
2024-09-03 17:44:45,058 - INFO - Article saved as data/processed\bctech2147.txt
2024-09-03 17:44:46,873 - INFO - Article saved as data/processed\bctech2148.txt
2024-09-03 17:44:48,691 - INFO - Article saved as data/processed\bctech2149.txt
2024-09-03 17:44:50,528 - INFO - Article saved as data/processed\bctech2150.txt
2024-09-03 17:44:52,358 - INFO - Article saved as data/processed\bctech2151.txt
2024-09-03 17:44:54,140 - INFO - Article saved as data/processed\bctech2152.txt
2024-09-03 17:44:55,941 - INFO - Article saved as data/processed\bctech2153.txt
2024-09-03 17:44:57,793 - INFO - Article saved as data/processed\bctech2154.txt
2024-09-03 17:44:59,558 - INFO - Article saved as data/processed\bctech2155.txt
2024-09-03 17:45:01,278 - INFO - Article saved as data/processed\bctech2156.txt
2024-09-03 17:45:03,098 - INFO - Article saved as data/processed\bctech2157.txt
2024-09-03 18:53:16,567 - INFO - Article saved as data/processed\bctech2011.txt
2024-09-03 18:53:18,660 - INFO - Article saved as data/processed\bctech2012.txt
2024-09-03 18:53:20,612 - INFO - Article saved as data/processed\bctech2013.txt
2024-09-03 18:53:22,502 - INFO - Article saved as data/processed\bctech2014.txt
2024-09-03 18:53:24,327 - INFO - Article saved as data/processed\bctech2015.txt
2024-09-03 18:53:26,329 - INFO - Article saved as data/processed\bctech2016.txt
2024-09-03 18:53:28,213 - INFO - Article saved as data/processed\bctech2017.txt
2024-09-03 18:53:30,217 - INFO - Article saved as data/processed\bctech2018.txt
2024-09-03 18:53:32,163 - INFO - Article saved as data/processed\bctech2019.txt
2024-09-03 18:53:34,250 - INFO - Article saved as data/processed\bctech2020.txt
2024-09-03 18:53:36,147 - INFO - Article saved as data/processed\bctech2021.txt
2024-09-03 18:53:38,311 - INFO - Article saved as data/processed\bctech2022.txt
2024-09-03 18:53:40,192 - INFO - Article saved as data/processed\bctech2023.txt
2024-09-03 18:53:42,123 - INFO - Article saved as data/processed\bctech2024.txt
2024-09-03 18:53:44,254 - INFO - Article saved as data/processed\bctech2025.txt
2024-09-03 18:53:46,245 - INFO - Article saved as data/processed\bctech2026.txt
2024-09-03 18:53:49,017 - INFO - Article saved as data/processed\bctech2027.txt
2024-09-03 18:53:51,197 - INFO - Article saved as data/processed\bctech2028.txt
2024-09-03 18:53:53,223 - INFO - Article saved as data/processed\bctech2029.txt
2024-09-03 18:53:55,169 - INFO - Article saved as data/processed\bctech2030.txt
2024-09-03 18:53:57,154 - INFO - Article saved as data/processed\bctech2031.txt
2024-09-03 18:53:59,556 - INFO - Article saved as data/processed\bctech2032.txt
2024-09-03 18:54:01,446 - INFO - Article saved as data/processed\bctech2033.txt
2024-09-03 18:54:03,372 - INFO - Article saved as data/processed\bctech2034.txt
2024-09-03 18:54:05,286 - INFO - Article saved as data/processed\bctech2035.txt
2024-09-03 18:54:07,306 - INFO - Article saved as data/processed\bctech2036.txt
2024-09-03 18:54:09,281 - INFO - Article saved as data/processed\bctech2037.txt
2024-09-03 18:54:11,207 - INFO - Article saved as data/processed\bctech2038.txt
2024-09-03 18:54:13,233 - INFO - Article saved as data/processed\bctech2039.txt
2024-09-03 18:54:15,281 - INFO - Article saved as data/processed\bctech2040.txt
2024-09-03 18:54:17,368 - INFO - Article saved as data/processed\bctech2041.txt
2024-09-03 18:54:19,319 - INFO - Article saved as data/processed\bctech2042.txt
2024-09-03 18:54:21,234 - INFO - Article saved as data/processed\bctech2043.txt
2024-09-03 18:54:23,309 - INFO - Article saved as data/processed\bctech2044.txt
2024-09-03 18:54:25,245 - INFO - Article saved as data/processed\bctech2045.txt
2024-09-03 18:54:27,266 - INFO - Article saved as data/processed\bctech2046.txt
2024-09-03 18:54:29,166 - INFO - Article saved as data/processed\bctech2047.txt
2024-09-03 18:54:31,039 - INFO - Article saved as data/processed\bctech2048.txt
2024-09-03 18:54:33,051 - INFO - Article saved as data/processed\bctech2049.txt
2024-09-03 18:54:35,111 - INFO - Article saved as data/processed\bctech2050.txt
2024-09-03 18:54:37,193 - INFO - Article saved as data/processed\bctech2051.txt
2024-09-03 18:54:39,161 - INFO - Article saved as data/processed\bctech2052.txt
2024-09-03 18:54:41,161 - INFO - Article saved as data/processed\bctech2053.txt
2024-09-03 18:54:43,087 - INFO - Article saved as data/processed\bctech2054.txt
2024-09-03 18:54:44,959 - INFO - Article saved as data/processed\bctech2055.txt
2024-09-03 18:54:46,945 - INFO - Article saved as data/processed\bctech2056.txt
2024-09-03 18:54:49,075 - INFO - Article saved as data/processed\bctech2057.txt
2024-09-03 18:54:51,354 - INFO - Article saved as data/processed\bctech2058.txt
2024-09-03 18:54:53,742 - INFO - Article saved as data/processed\bctech2059.txt
2024-09-03 18:54:55,954 - INFO - Article saved as data/processed\bctech2060.txt
2024-09-03 18:54:58,184 - INFO - Article saved as data/processed\bctech2061.txt
2024-09-03 18:55:00,112 - INFO - Article saved as data/processed\bctech2062.txt
2024-09-03 18:55:01,962 - INFO - Article saved as data/processed\bctech2063.txt
2024-09-03 18:55:03,878 - INFO - Article saved as data/processed\bctech2064.txt
2024-09-03 18:55:05,878 - INFO - Article saved as data/processed\bctech2065.txt
2024-09-03 18:55:07,767 - INFO - Article saved as data/processed\bctech2066.txt
2024-09-03 18:55:09,717 - INFO - Article saved as data/processed\bctech2067.txt
2024-09-03 18:55:11,613 - INFO - Article saved as data/processed\bctech2068.txt
2024-09-03 18:55:13,734 - INFO - Article saved as data/processed\bctech2069.txt
2024-09-03 18:55:15,833 - INFO - Article saved as data/processed\bctech2070.txt
2024-09-03 18:55:18,033 - INFO - Article saved as data/processed\bctech2071.txt
2024-09-03 18:55:20,112 - INFO - Article saved as data/processed\bctech2072.txt
2024-09-03 18:55:22,125 - INFO - Article saved as data/processed\bctech2073.txt
2024-09-03 18:55:24,296 - INFO - Article saved as data/processed\bctech2074.txt
2024-09-03 18:55:26,162 - INFO - Article saved as data/processed\bctech2075.txt
2024-09-03 18:55:28,200 - INFO - Article saved as data/processed\bctech2076.txt
2024-09-03 18:55:30,001 - INFO - Article saved as data/processed\bctech2077.txt
2024-09-03 18:55:31,990 - INFO - Article saved as data/processed\bctech2078.txt
2024-09-03 18:55:33,828 - INFO - Article saved as data/processed\bctech2079.txt
2024-09-03 18:55:35,819 - INFO - Article saved as data/processed\bctech2080.txt
2024-09-03 18:55:37,841 - INFO - Article saved as data/processed\bctech2081.txt
2024-09-03 18:55:39,873 - INFO - Article saved as data/processed\bctech2082.txt
2024-09-03 18:55:41,914 - INFO - Article saved as data/processed\bctech2083.txt
2024-09-03 18:55:43,915 - INFO - Article saved as data/processed\bctech2084.txt
2024-09-03 18:55:45,812 - INFO - Article saved as data/processed\bctech2085.txt
2024-09-03 18:55:47,598 - INFO - Article saved as data/processed\bctech2086.txt
2024-09-03 18:55:49,449 - INFO - Article saved as data/processed\bctech2087.txt
2024-09-03 18:55:51,487 - INFO - Article saved as data/processed\bctech2088.txt
2024-09-03 18:55:53,356 - INFO - Article saved as data/processed\bctech2089.txt
2024-09-03 18:55:55,218 - INFO - Article saved as data/processed\bctech2090.txt
2024-09-03 18:55:57,083 - INFO - Article saved as data/processed\bctech2091.txt
2024-09-03 18:55:59,004 - INFO - Article saved as data/processed\bctech2092.txt
2024-09-03 18:56:00,985 - INFO - Article saved as data/processed\bctech2093.txt
2024-09-03 18:56:02,930 - INFO - Article saved as data/processed\bctech2094.txt
2024-09-03 18:56:04,795 - INFO - Article saved as data/processed\bctech2095.txt
2024-09-03 18:56:06,733 - INFO - Article saved as data/processed\bctech2096.txt
2024-09-03 18:56:08,740 - INFO - Article saved as data/processed\bctech2097.txt
2024-09-03 18:56:10,633 - INFO - Article saved as data/processed\bctech2098.txt
2024-09-03 18:56:12,509 - INFO - Article saved as data/processed\bctech2099.txt
2024-09-03 18:56:14,349 - INFO - Article saved as data/processed\bctech2100.txt
2024-09-03 18:56:16,312 - INFO - Article saved as data/processed\bctech2101.txt
2024-09-03 18:56:19,318 - INFO - Article saved as data/processed\bctech2102.txt
2024-09-03 18:56:21,263 - INFO - Article saved as data/processed\bctech2103.txt
2024-09-03 18:56:23,179 - INFO - Article saved as data/processed\bctech2104.txt
2024-09-03 18:56:25,182 - INFO - Article saved as data/processed\bctech2105.txt
2024-09-03 18:56:27,116 - INFO - Article saved as data/processed\bctech2106.txt
2024-09-03 18:56:29,130 - INFO - Article saved as data/processed\bctech2107.txt
2024-09-03 18:56:31,003 - INFO - Article saved as data/processed\bctech2108.txt
2024-09-03 18:56:32,952 - INFO - Article saved as data/processed\bctech2109.txt
2024-09-03 18:56:34,809 - INFO - Article saved as data/processed\bctech2110.txt
2024-09-03 18:56:36,547 - INFO - Article saved as data/processed\bctech2111.txt
2024-09-03 18:56:38,391 - INFO - Article saved as data/processed\bctech2112.txt
2024-09-03 18:56:40,336 - INFO - Article saved as data/processed\bctech2113.txt
2024-09-03 18:56:42,216 - INFO - Article saved as data/processed\bctech2114.txt
2024-09-03 18:56:44,133 - INFO - Article saved as data/processed\bctech2115.txt
2024-09-03 18:56:46,382 - INFO - Article saved as data/processed\bctech2116.txt
2024-09-03 18:56:48,394 - INFO - Article saved as data/processed\bctech2117.txt
2024-09-03 18:56:50,288 - INFO - Article saved as data/processed\bctech2118.txt
2024-09-03 18:56:52,366 - INFO - Article saved as data/processed\bctech2119.txt
2024-09-03 18:56:54,309 - INFO - Article saved as data/processed\bctech2120.txt
2024-09-03 18:56:56,253 - INFO - Article saved as data/processed\bctech2121.txt
2024-09-03 18:56:58,138 - INFO - Article saved as data/processed\bctech2122.txt
2024-09-03 18:57:00,083 - INFO - Article saved as data/processed\bctech2123.txt
2024-09-03 18:57:02,124 - INFO - Article saved as data/processed\bctech2124.txt
2024-09-03 18:57:04,033 - INFO - Article saved as data/processed\bctech2125.txt
2024-09-03 18:57:06,602 - INFO - Article saved as data/processed\bctech2126.txt
2024-09-03 18:57:08,573 - INFO - Article saved as data/processed\bctech2127.txt
2024-09-03 18:57:10,580 - INFO - Article saved as data/processed\bctech2128.txt
2024-09-03 18:57:12,423 - INFO - Article saved as data/processed\bctech2129.txt
2024-09-03 18:57:14,312 - INFO - Article saved as data/processed\bctech2130.txt
2024-09-03 18:57:16,156 - INFO - Article saved as data/processed\bctech2131.txt
2024-09-03 18:57:18,275 - INFO - Article saved as data/processed\bctech2132.txt
2024-09-03 18:57:20,219 - INFO - Article saved as data/processed\bctech2133.txt
2024-09-03 18:57:22,164 - INFO - Article saved as data/processed\bctech2134.txt
2024-09-03 18:57:24,418 - INFO - Article saved as data/processed\bctech2135.txt
2024-09-03 18:57:26,376 - INFO - Article saved as data/processed\bctech2136.txt
2024-09-03 18:57:28,305 - INFO - Article saved as data/processed\bctech2137.txt
2024-09-03 18:57:30,272 - INFO - Article saved as data/processed\bctech2138.txt
2024-09-03 18:57:32,170 - INFO - Article saved as data/processed\bctech2139.txt
2024-09-03 18:57:34,398 - INFO - Article saved as data/processed\bctech2140.txt
2024-09-03 18:57:36,417 - INFO - Article saved as data/processed\bctech2141.txt
2024-09-03 18:57:38,363 - INFO - Article saved as data/processed\bctech2142.txt
2024-09-03 18:57:40,268 - INFO - Article saved as data/processed\bctech2143.txt
2024-09-03 18:57:44,328 - INFO - Article saved as data/processed\bctech2144.txt
2024-09-03 18:57:46,539 - INFO - Article saved as data/processed\bctech2145.txt
2024-09-03 18:57:49,681 - INFO - Article saved as data/processed\bctech2146.txt
2024-09-03 18:57:51,797 - INFO - Article saved as data/processed\bctech2147.txt
2024-09-03 18:57:53,797 - INFO - Article saved as data/processed\bctech2148.txt
2024-09-03 18:57:55,820 - INFO - Article saved as data/processed\bctech2149.txt
2024-09-03 18:57:57,797 - INFO - Article saved as data/processed\bctech2150.txt
2024-09-03 18:57:59,861 - INFO - Article saved as data/processed\bctech2151.txt
2024-09-03 18:58:01,846 - INFO - Article saved as data/processed\bctech2152.txt
2024-09-03 18:58:03,820 - INFO - Article saved as data/processed\bctech2153.txt
2024-09-03 18:58:05,992 - INFO - Article saved as data/processed\bctech2154.txt
2024-09-03 18:58:07,937 - INFO - Article saved as data/processed\bctech2155.txt
2024-09-03 18:58:09,779 - INFO - Article saved as data/processed\bctech2156.txt
2024-09-03 18:58:12,035 - INFO - Article saved as data/processed\bctech2157.txt
2024-09-03 19:44:25,630 - INFO - Article saved as data/processed\bctech2011.txt
2024-09-03 19:44:29,648 - INFO - Article saved as data/processed\bctech2012.txt
2024-09-03 19:44:32,876 - INFO - Article saved as data/processed\bctech2013.txt
2024-09-03 19:44:36,327 - INFO - Article saved as data/processed\bctech2014.txt
2024-09-03 19:44:39,487 - INFO - Article saved as data/processed\bctech2015.txt
2024-09-03 19:44:42,769 - INFO - Article saved as data/processed\bctech2016.txt
2024-09-03 19:44:46,366 - INFO - Article saved as data/processed\bctech2017.txt
2024-09-03 19:44:49,829 - INFO - Article saved as data/processed\bctech2018.txt
2024-09-03 19:44:53,545 - INFO - Article saved as data/processed\bctech2019.txt
2024-09-03 19:44:56,915 - INFO - Article saved as data/processed\bctech2020.txt
2024-09-03 19:45:00,279 - INFO - Article saved as data/processed\bctech2021.txt
2024-09-03 19:45:05,003 - INFO - Article saved as data/processed\bctech2022.txt
2024-09-03 19:45:08,487 - INFO - Article saved as data/processed\bctech2023.txt
2024-09-03 19:45:11,852 - INFO - Article saved as data/processed\bctech2024.txt
2024-09-03 19:45:15,763 - INFO - Article saved as data/processed\bctech2025.txt
2024-09-03 19:45:19,034 - INFO - Article saved as data/processed\bctech2026.txt
2024-09-03 19:45:22,325 - INFO - Article saved as data/processed\bctech2027.txt
2024-09-03 19:45:25,754 - INFO - Article saved as data/processed\bctech2028.txt
2024-09-03 19:45:29,691 - INFO - Article saved as data/processed\bctech2029.txt
2024-09-03 19:45:33,584 - INFO - Article saved as data/processed\bctech2030.txt
2024-09-03 19:45:37,011 - INFO - Article saved as data/processed\bctech2031.txt
2024-09-03 19:45:40,338 - INFO - Article saved as data/processed\bctech2032.txt
2024-09-03 19:45:43,355 - INFO - Article saved as data/processed\bctech2033.txt
2024-09-03 19:45:46,480 - INFO - Article saved as data/processed\bctech2034.txt
2024-09-03 19:45:49,823 - INFO - Article saved as data/processed\bctech2035.txt
2024-09-03 19:45:53,030 - INFO - Article saved as data/processed\bctech2036.txt
2024-09-03 19:45:56,198 - INFO - Article saved as data/processed\bctech2037.txt
2024-09-03 19:45:59,533 - INFO - Article saved as data/processed\bctech2038.txt
2024-09-03 19:46:03,223 - INFO - Article saved as data/processed\bctech2039.txt
2024-09-03 19:46:06,635 - INFO - Article saved as data/processed\bctech2040.txt
2024-09-03 19:46:10,260 - INFO - Article saved as data/processed\bctech2041.txt
2024-09-03 19:46:13,421 - INFO - Article saved as data/processed\bctech2042.txt
2024-09-03 19:46:16,371 - INFO - Article saved as data/processed\bctech2043.txt
2024-09-03 19:46:19,725 - INFO - Article saved as data/processed\bctech2044.txt
2024-09-03 19:46:22,891 - INFO - Article saved as data/processed\bctech2045.txt
2024-09-03 19:46:26,292 - INFO - Article saved as data/processed\bctech2046.txt
2024-09-03 19:46:29,594 - INFO - Article saved as data/processed\bctech2047.txt
2024-09-03 19:46:32,943 - INFO - Article saved as data/processed\bctech2048.txt
2024-09-03 19:46:36,130 - INFO - Article saved as data/processed\bctech2049.txt
2024-09-03 19:46:39,255 - INFO - Article saved as data/processed\bctech2050.txt
2024-09-03 19:46:42,577 - INFO - Article saved as data/processed\bctech2051.txt
2024-09-03 19:46:46,150 - INFO - Article saved as data/processed\bctech2052.txt
2024-09-03 19:46:49,435 - INFO - Article saved as data/processed\bctech2053.txt
2024-09-03 19:46:53,010 - INFO - Article saved as data/processed\bctech2054.txt
2024-09-03 19:46:56,392 - INFO - Article saved as data/processed\bctech2055.txt
2024-09-03 19:46:59,749 - INFO - Article saved as data/processed\bctech2056.txt
2024-09-03 19:47:03,567 - INFO - Article saved as data/processed\bctech2057.txt
2024-09-03 19:47:06,833 - INFO - Article saved as data/processed\bctech2058.txt
2024-09-03 19:47:10,385 - INFO - Article saved as data/processed\bctech2059.txt
2024-09-03 19:47:14,021 - INFO - Article saved as data/processed\bctech2060.txt
2024-09-03 19:47:17,915 - INFO - Article saved as data/processed\bctech2061.txt
2024-09-03 19:47:21,478 - INFO - Article saved as data/processed\bctech2062.txt
2024-09-03 19:47:25,163 - INFO - Article saved as data/processed\bctech2063.txt
2024-09-03 19:47:28,352 - INFO - Article saved as data/processed\bctech2064.txt
2024-09-03 19:47:31,645 - INFO - Article saved as data/processed\bctech2065.txt
2024-09-03 19:47:34,713 - INFO - Article saved as data/processed\bctech2066.txt
2024-09-03 19:47:37,902 - INFO - Article saved as data/processed\bctech2067.txt
2024-09-03 19:47:41,261 - INFO - Article saved as data/processed\bctech2068.txt
2024-09-03 19:47:44,775 - INFO - Article saved as data/processed\bctech2069.txt
2024-09-03 19:47:47,899 - INFO - Article saved as data/processed\bctech2070.txt
2024-09-03 19:47:51,179 - INFO - Article saved as data/processed\bctech2071.txt
2024-09-03 19:47:54,480 - INFO - Article saved as data/processed\bctech2072.txt
2024-09-03 19:47:57,824 - INFO - Article saved as data/processed\bctech2073.txt
2024-09-03 19:48:01,265 - INFO - Article saved as data/processed\bctech2074.txt
2024-09-03 19:48:05,029 - INFO - Article saved as data/processed\bctech2075.txt
2024-09-03 19:48:08,932 - INFO - Article saved as data/processed\bctech2076.txt
2024-09-03 19:48:12,162 - INFO - Article saved as data/processed\bctech2077.txt
2024-09-03 19:48:15,602 - INFO - Article saved as data/processed\bctech2078.txt
2024-09-03 19:48:19,350 - INFO - Article saved as data/processed\bctech2079.txt
2024-09-03 19:48:23,440 - INFO - Article saved as data/processed\bctech2080.txt
2024-09-03 19:48:26,824 - INFO - Article saved as data/processed\bctech2081.txt
2024-09-03 19:48:30,236 - INFO - Article saved as data/processed\bctech2082.txt
2024-09-03 19:48:33,875 - INFO - Article saved as data/processed\bctech2083.txt
2024-09-03 19:48:37,252 - INFO - Article saved as data/processed\bctech2084.txt
2024-09-03 19:48:40,617 - INFO - Article saved as data/processed\bctech2085.txt
2024-09-03 19:48:44,030 - INFO - Article saved as data/processed\bctech2086.txt
2024-09-03 19:48:47,287 - INFO - Article saved as data/processed\bctech2087.txt
2024-09-03 19:48:50,837 - INFO - Article saved as data/processed\bctech2088.txt
2024-09-03 19:48:53,997 - INFO - Article saved as data/processed\bctech2089.txt
2024-09-03 19:48:57,543 - INFO - Article saved as data/processed\bctech2090.txt
2024-09-03 19:49:00,926 - INFO - Article saved as data/processed\bctech2091.txt
2024-09-03 19:49:05,211 - INFO - Article saved as data/processed\bctech2092.txt
2024-09-03 19:49:08,479 - INFO - Article saved as data/processed\bctech2093.txt
2024-09-03 19:49:11,960 - INFO - Article saved as data/processed\bctech2094.txt
2024-09-03 19:49:15,359 - INFO - Article saved as data/processed\bctech2095.txt
2024-09-03 19:49:18,758 - INFO - Article saved as data/processed\bctech2096.txt
2024-09-03 19:49:22,218 - INFO - Article saved as data/processed\bctech2097.txt
2024-09-03 19:49:25,331 - INFO - Article saved as data/processed\bctech2098.txt
2024-09-03 19:49:29,087 - INFO - Article saved as data/processed\bctech2099.txt
2024-09-03 19:49:32,493 - INFO - Article saved as data/processed\bctech2100.txt
2024-09-03 19:49:36,464 - INFO - Article saved as data/processed\bctech2101.txt
2024-09-03 19:49:39,654 - INFO - Article saved as data/processed\bctech2102.txt
2024-09-03 19:49:42,755 - INFO - Article saved as data/processed\bctech2103.txt
2024-09-03 19:49:46,496 - INFO - Article saved as data/processed\bctech2104.txt
2024-09-03 19:49:49,944 - INFO - Article saved as data/processed\bctech2105.txt
2024-09-03 19:49:53,470 - INFO - Article saved as data/processed\bctech2106.txt
2024-09-03 19:49:56,743 - INFO - Article saved as data/processed\bctech2107.txt
2024-09-03 19:50:00,136 - INFO - Article saved as data/processed\bctech2108.txt
2024-09-03 19:50:04,235 - INFO - Article saved as data/processed\bctech2109.txt
2024-09-03 19:50:07,490 - INFO - Article saved as data/processed\bctech2110.txt
2024-09-03 19:50:10,921 - INFO - Article saved as data/processed\bctech2111.txt
2024-09-03 19:50:14,288 - INFO - Article saved as data/processed\bctech2112.txt
2024-09-03 19:50:17,336 - INFO - Article saved as data/processed\bctech2113.txt
2024-09-03 19:50:21,096 - INFO - Article saved as data/processed\bctech2114.txt
2024-09-03 19:50:24,579 - INFO - Article saved as data/processed\bctech2115.txt
2024-09-03 19:50:28,336 - INFO - Article saved as data/processed\bctech2116.txt
2024-09-03 19:50:31,465 - INFO - Article saved as data/processed\bctech2117.txt
2024-09-03 19:50:34,943 - INFO - Article saved as data/processed\bctech2118.txt
2024-09-03 19:50:38,550 - INFO - Article saved as data/processed\bctech2119.txt
2024-09-03 19:50:42,024 - INFO - Article saved as data/processed\bctech2120.txt
2024-09-03 19:50:45,419 - INFO - Article saved as data/processed\bctech2121.txt
2024-09-03 19:50:48,657 - INFO - Article saved as data/processed\bctech2122.txt
2024-09-03 19:50:52,141 - INFO - Article saved as data/processed\bctech2123.txt
2024-09-03 19:50:55,520 - INFO - Article saved as data/processed\bctech2124.txt
2024-09-03 19:50:58,815 - INFO - Article saved as data/processed\bctech2125.txt
2024-09-03 19:51:02,470 - INFO - Article saved as data/processed\bctech2126.txt
2024-09-03 19:51:06,000 - INFO - Article saved as data/processed\bctech2127.txt
2024-09-03 19:51:09,240 - INFO - Article saved as data/processed\bctech2128.txt
2024-09-03 19:51:12,913 - INFO - Article saved as data/processed\bctech2129.txt
2024-09-03 19:51:16,386 - INFO - Article saved as data/processed\bctech2130.txt
2024-09-03 19:51:19,976 - INFO - Article saved as data/processed\bctech2131.txt
2024-09-03 19:51:23,374 - INFO - Article saved as data/processed\bctech2132.txt
2024-09-03 19:51:27,245 - INFO - Article saved as data/processed\bctech2133.txt
2024-09-03 19:51:30,594 - INFO - Article saved as data/processed\bctech2134.txt
2024-09-03 19:51:34,367 - INFO - Article saved as data/processed\bctech2135.txt
2024-09-03 19:51:38,176 - INFO - Article saved as data/processed\bctech2136.txt
2024-09-03 19:51:41,487 - INFO - Article saved as data/processed\bctech2137.txt
2024-09-03 19:51:44,902 - INFO - Article saved as data/processed\bctech2138.txt
2024-09-03 19:51:48,615 - INFO - Article saved as data/processed\bctech2139.txt
2024-09-03 19:51:52,155 - INFO - Article saved as data/processed\bctech2140.txt
2024-09-03 19:51:55,664 - INFO - Article saved as data/processed\bctech2141.txt
2024-09-03 19:51:59,822 - INFO - Article saved as data/processed\bctech2142.txt
2024-09-03 19:52:04,140 - INFO - Article saved as data/processed\bctech2143.txt
2024-09-03 19:52:08,099 - INFO - Article saved as data/processed\bctech2144.txt
2024-09-03 19:52:12,012 - INFO - Article saved as data/processed\bctech2145.txt
2024-09-03 19:52:15,788 - INFO - Article saved as data/processed\bctech2146.txt
2024-09-03 19:52:19,507 - INFO - Article saved as data/processed\bctech2147.txt
2024-09-03 19:52:24,021 - INFO - Article saved as data/processed\bctech2148.txt
2024-09-03 19:52:27,980 - INFO - Article saved as data/processed\bctech2149.txt
2024-09-03 19:52:32,107 - INFO - Article saved as data/processed\bctech2150.txt
2024-09-03 19:52:35,746 - INFO - Article saved as data/processed\bctech2151.txt
2024-09-03 19:52:39,168 - INFO - Article saved as data/processed\bctech2152.txt
2024-09-03 19:52:42,357 - INFO - Article saved as data/processed\bctech2153.txt
2024-09-03 19:52:45,870 - INFO - Article saved as data/processed\bctech2154.txt
2024-09-03 19:52:49,477 - INFO - Article saved as data/processed\bctech2155.txt
2024-09-03 19:52:53,008 - INFO - Article saved as data/processed\bctech2156.txt
2024-09-03 19:52:56,578 - INFO - Article saved as data/processed\bctech2157.txt
2024-09-03 22:24:37,809 - INFO - Article saved as data/processed\bctech2011.txt
2024-09-03 22:24:39,797 - INFO - Article saved as data/processed\bctech2012.txt
2024-09-03 22:24:41,949 - INFO - Article saved as data/processed\bctech2013.txt
2024-09-03 22:24:44,118 - INFO - Article saved as data/processed\bctech2014.txt
2024-09-03 22:24:46,282 - INFO - Article saved as data/processed\bctech2015.txt
2024-09-03 22:24:48,297 - INFO - Article saved as data/processed\bctech2016.txt
2024-09-03 22:24:50,376 - INFO - Article saved as data/processed\bctech2017.txt
2024-09-03 22:24:52,418 - INFO - Article saved as data/processed\bctech2018.txt
2024-09-03 22:24:54,466 - INFO - Article saved as data/processed\bctech2019.txt
2024-09-03 22:24:57,024 - INFO - Article saved as data/processed\bctech2020.txt
2024-09-03 22:24:59,019 - INFO - Article saved as data/processed\bctech2021.txt
2024-09-03 22:25:01,752 - INFO - Article saved as data/processed\bctech2022.txt
2024-09-03 22:25:03,721 - INFO - Article saved as data/processed\bctech2023.txt
2024-09-03 22:25:05,832 - INFO - Article saved as data/processed\bctech2024.txt
2024-09-03 22:25:07,982 - INFO - Article saved as data/processed\bctech2025.txt
2024-09-03 22:25:09,986 - INFO - Article saved as data/processed\bctech2026.txt
2024-09-03 22:25:13,301 - INFO - Article saved as data/processed\bctech2027.txt
2024-09-03 22:25:15,274 - INFO - Article saved as data/processed\bctech2028.txt
2024-09-03 22:25:17,220 - INFO - Article saved as data/processed\bctech2029.txt
2024-09-03 22:25:19,505 - INFO - Article saved as data/processed\bctech2030.txt
2024-09-03 22:25:21,905 - INFO - Article saved as data/processed\bctech2031.txt
2024-09-03 22:25:23,866 - INFO - Article saved as data/processed\bctech2032.txt
2024-09-03 22:25:26,004 - INFO - Article saved as data/processed\bctech2033.txt
2024-09-03 22:25:28,460 - INFO - Article saved as data/processed\bctech2034.txt
2024-09-03 22:25:30,383 - INFO - Article saved as data/processed\bctech2035.txt
2024-09-03 22:25:32,764 - INFO - Article saved as data/processed\bctech2036.txt
2024-09-03 22:25:34,937 - INFO - Article saved as data/processed\bctech2037.txt
2024-09-03 22:25:36,792 - INFO - Article saved as data/processed\bctech2038.txt
2024-09-03 22:25:38,730 - INFO - Article saved as data/processed\bctech2039.txt
2024-09-03 22:25:40,690 - INFO - Article saved as data/processed\bctech2040.txt
2024-09-03 22:25:42,798 - INFO - Article saved as data/processed\bctech2041.txt
2024-09-03 22:25:45,247 - INFO - Article saved as data/processed\bctech2042.txt
2024-09-03 22:25:47,399 - INFO - Article saved as data/processed\bctech2043.txt
2024-09-03 22:25:49,278 - INFO - Article saved as data/processed\bctech2044.txt
2024-09-03 22:25:51,884 - INFO - Article saved as data/processed\bctech2045.txt
2024-09-03 22:25:53,853 - INFO - Article saved as data/processed\bctech2046.txt
2024-09-03 22:25:55,774 - INFO - Article saved as data/processed\bctech2047.txt
2024-09-03 22:25:58,224 - INFO - Article saved as data/processed\bctech2048.txt
2024-09-03 22:26:00,319 - INFO - Article saved as data/processed\bctech2049.txt
2024-09-03 22:26:02,354 - INFO - Article saved as data/processed\bctech2050.txt
2024-09-03 22:26:04,269 - INFO - Article saved as data/processed\bctech2051.txt
2024-09-03 22:26:06,241 - INFO - Article saved as data/processed\bctech2052.txt
2024-09-03 22:26:08,225 - INFO - Article saved as data/processed\bctech2053.txt
2024-09-03 22:26:10,108 - INFO - Article saved as data/processed\bctech2054.txt
2024-09-03 22:26:12,056 - INFO - Article saved as data/processed\bctech2055.txt
2024-09-03 22:26:14,156 - INFO - Article saved as data/processed\bctech2056.txt
2024-09-03 22:26:16,275 - INFO - Article saved as data/processed\bctech2057.txt
2024-09-03 22:26:18,314 - INFO - Article saved as data/processed\bctech2058.txt
2024-09-03 22:26:20,441 - INFO - Article saved as data/processed\bctech2059.txt
2024-09-03 22:26:22,471 - INFO - Article saved as data/processed\bctech2060.txt
2024-09-03 22:26:24,369 - INFO - Article saved as data/processed\bctech2061.txt
2024-09-03 22:26:26,410 - INFO - Article saved as data/processed\bctech2062.txt
2024-09-03 22:26:28,547 - INFO - Article saved as data/processed\bctech2063.txt
2024-09-03 22:26:30,642 - INFO - Article saved as data/processed\bctech2064.txt
2024-09-03 22:26:32,658 - INFO - Article saved as data/processed\bctech2065.txt
2024-09-03 22:26:34,628 - INFO - Article saved as data/processed\bctech2066.txt
2024-09-03 22:26:37,698 - INFO - Article saved as data/processed\bctech2067.txt
2024-09-03 22:26:39,654 - INFO - Article saved as data/processed\bctech2068.txt
2024-09-03 22:26:41,979 - INFO - Article saved as data/processed\bctech2069.txt
2024-09-03 22:26:43,929 - INFO - Article saved as data/processed\bctech2070.txt
2024-09-03 22:26:45,764 - INFO - Article saved as data/processed\bctech2071.txt
2024-09-03 22:26:47,792 - INFO - Article saved as data/processed\bctech2072.txt
2024-09-03 22:26:50,072 - INFO - Article saved as data/processed\bctech2073.txt
2024-09-03 22:26:52,012 - INFO - Article saved as data/processed\bctech2074.txt
2024-09-03 22:26:54,071 - INFO - Article saved as data/processed\bctech2075.txt
2024-09-03 22:26:56,058 - INFO - Article saved as data/processed\bctech2076.txt
2024-09-03 22:26:58,055 - INFO - Article saved as data/processed\bctech2077.txt
2024-09-03 22:27:00,259 - INFO - Article saved as data/processed\bctech2078.txt
2024-09-03 22:27:02,277 - INFO - Article saved as data/processed\bctech2079.txt
2024-09-03 22:27:04,295 - INFO - Article saved as data/processed\bctech2080.txt
2024-09-03 22:27:06,364 - INFO - Article saved as data/processed\bctech2081.txt
2024-09-03 22:27:08,396 - INFO - Article saved as data/processed\bctech2082.txt
2024-09-03 22:27:10,353 - INFO - Article saved as data/processed\bctech2083.txt
2024-09-03 22:27:12,373 - INFO - Article saved as data/processed\bctech2084.txt
2024-09-03 22:27:14,352 - INFO - Article saved as data/processed\bctech2085.txt
2024-09-03 22:27:16,602 - INFO - Article saved as data/processed\bctech2086.txt
2024-09-03 22:27:18,719 - INFO - Article saved as data/processed\bctech2087.txt
2024-09-03 22:27:21,311 - INFO - Article saved as data/processed\bctech2088.txt
2024-09-03 22:27:23,511 - INFO - Article saved as data/processed\bctech2089.txt
2024-09-03 22:27:25,943 - INFO - Article saved as data/processed\bctech2090.txt
2024-09-03 22:27:28,009 - INFO - Article saved as data/processed\bctech2091.txt
2024-09-03 22:27:30,242 - INFO - Article saved as data/processed\bctech2092.txt
2024-09-03 22:27:32,357 - INFO - Article saved as data/processed\bctech2093.txt
2024-09-03 22:27:34,303 - INFO - Article saved as data/processed\bctech2094.txt
2024-09-03 22:27:36,535 - INFO - Article saved as data/processed\bctech2095.txt
2024-09-03 22:27:38,602 - INFO - Article saved as data/processed\bctech2096.txt
2024-09-03 22:27:40,848 - INFO - Article saved as data/processed\bctech2097.txt
2024-09-03 22:27:42,886 - INFO - Article saved as data/processed\bctech2098.txt
2024-09-03 22:27:44,955 - INFO - Article saved as data/processed\bctech2099.txt
2024-09-03 22:27:47,066 - INFO - Article saved as data/processed\bctech2100.txt
2024-09-03 22:27:49,267 - INFO - Article saved as data/processed\bctech2101.txt
2024-09-03 22:27:51,326 - INFO - Article saved as data/processed\bctech2102.txt
2024-09-03 22:27:53,347 - INFO - Article saved as data/processed\bctech2103.txt
2024-09-03 22:27:55,741 - INFO - Article saved as data/processed\bctech2104.txt
2024-09-03 22:27:57,957 - INFO - Article saved as data/processed\bctech2105.txt
2024-09-03 22:28:00,121 - INFO - Article saved as data/processed\bctech2106.txt
2024-09-03 22:28:02,329 - INFO - Article saved as data/processed\bctech2107.txt
2024-09-03 22:28:04,560 - INFO - Article saved as data/processed\bctech2108.txt
2024-09-03 22:28:06,535 - INFO - Article saved as data/processed\bctech2109.txt
2024-09-03 22:28:08,927 - INFO - Article saved as data/processed\bctech2110.txt
2024-09-03 22:28:10,978 - INFO - Article saved as data/processed\bctech2111.txt
2024-09-03 22:28:12,842 - INFO - Article saved as data/processed\bctech2112.txt
2024-09-03 22:28:14,776 - INFO - Article saved as data/processed\bctech2113.txt
2024-09-03 22:28:16,698 - INFO - Article saved as data/processed\bctech2114.txt
2024-09-03 22:28:18,648 - INFO - Article saved as data/processed\bctech2115.txt
2024-09-03 22:28:20,634 - INFO - Article saved as data/processed\bctech2116.txt
2024-09-03 22:28:22,563 - INFO - Article saved as data/processed\bctech2117.txt
2024-09-03 22:28:24,596 - INFO - Article saved as data/processed\bctech2118.txt
2024-09-03 22:28:26,577 - INFO - Article saved as data/processed\bctech2119.txt
2024-09-03 22:28:29,416 - INFO - Article saved as data/processed\bctech2120.txt
2024-09-03 22:28:31,305 - INFO - Article saved as data/processed\bctech2121.txt
2024-09-03 22:28:33,150 - INFO - Article saved as data/processed\bctech2122.txt
2024-09-03 22:28:34,967 - INFO - Article saved as data/processed\bctech2123.txt
2024-09-03 22:28:36,979 - INFO - Article saved as data/processed\bctech2124.txt
2024-09-03 22:28:38,864 - INFO - Article saved as data/processed\bctech2125.txt
2024-09-03 22:28:41,118 - INFO - Article saved as data/processed\bctech2126.txt
2024-09-03 22:28:42,982 - INFO - Article saved as data/processed\bctech2127.txt
2024-09-03 22:28:44,774 - INFO - Article saved as data/processed\bctech2128.txt
2024-09-03 22:28:46,614 - INFO - Article saved as data/processed\bctech2129.txt
2024-09-03 22:28:48,817 - INFO - Article saved as data/processed\bctech2130.txt
2024-09-03 22:28:50,703 - INFO - Article saved as data/processed\bctech2131.txt
2024-09-03 22:28:52,577 - INFO - Article saved as data/processed\bctech2132.txt
2024-09-03 22:28:54,585 - INFO - Article saved as data/processed\bctech2133.txt
2024-09-03 22:28:56,888 - INFO - Article saved as data/processed\bctech2134.txt
2024-09-03 22:28:59,172 - INFO - Article saved as data/processed\bctech2135.txt
2024-09-03 22:29:01,141 - INFO - Article saved as data/processed\bctech2136.txt
2024-09-03 22:29:03,019 - INFO - Article saved as data/processed\bctech2137.txt
2024-09-03 22:29:04,906 - INFO - Article saved as data/processed\bctech2138.txt
2024-09-03 22:29:06,880 - INFO - Article saved as data/processed\bctech2139.txt
2024-09-03 22:29:08,856 - INFO - Article saved as data/processed\bctech2140.txt
2024-09-03 22:29:10,976 - INFO - Article saved as data/processed\bctech2141.txt
2024-09-03 22:29:12,940 - INFO - Article saved as data/processed\bctech2142.txt
2024-09-03 22:29:14,795 - INFO - Article saved as data/processed\bctech2143.txt
2024-09-03 22:29:16,730 - INFO - Article saved as data/processed\bctech2144.txt
2024-09-03 22:29:18,642 - INFO - Article saved as data/processed\bctech2145.txt
2024-09-03 22:29:20,698 - INFO - Article saved as data/processed\bctech2146.txt
2024-09-03 22:29:22,718 - INFO - Article saved as data/processed\bctech2147.txt
2024-09-03 22:29:24,584 - INFO - Article saved as data/processed\bctech2148.txt
2024-09-03 22:29:26,465 - INFO - Article saved as data/processed\bctech2149.txt
2024-09-03 22:29:28,474 - INFO - Article saved as data/processed\bctech2150.txt
2024-09-03 22:29:30,426 - INFO - Article saved as data/processed\bctech2151.txt
2024-09-03 22:29:32,491 - INFO - Article saved as data/processed\bctech2152.txt
2024-09-03 22:29:34,502 - INFO - Article saved as data/processed\bctech2153.txt
2024-09-03 22:29:37,336 - INFO - Article saved as data/processed\bctech2154.txt
2024-09-03 22:29:39,292 - INFO - Article saved as data/processed\bctech2155.txt
2024-09-03 22:29:41,168 - INFO - Article saved as data/processed\bctech2156.txt
2024-09-03 22:29:43,133 - INFO - Article saved as data/processed\bctech2157.txt
2024-09-03 22:33:42,358 - ERROR - An error occurred while reading the Excel file data/input.xlsx: [Errno 2] No such file or directory: 'data/input.xlsx'
2024-09-03 22:33:42,358 - ERROR - An error occurred in the main function: [Errno 2] No such file or directory: 'data/input.xlsx'
2024-09-03 22:34:16,816 - ERROR - An error occurred while reading the Excel file data/input.xlsx: [Errno 2] No such file or directory: 'data/input.xlsx'
2024-09-03 22:34:16,816 - ERROR - An error occurred in the main function: [Errno 2] No such file or directory: 'data/input.xlsx'
2024-09-03 22:35:46,117 - INFO - Article saved as data/processed\bctech2011.txt
2024-09-03 22:35:48,821 - INFO - Article saved as data/processed\bctech2012.txt
2024-09-03 22:35:51,594 - INFO - Article saved as data/processed\bctech2013.txt
2024-09-03 22:35:54,468 - INFO - Article saved as data/processed\bctech2014.txt
2024-09-03 22:35:57,426 - INFO - Article saved as data/processed\bctech2015.txt
2024-09-03 22:36:00,171 - INFO - Article saved as data/processed\bctech2016.txt
2024-09-03 22:36:02,661 - INFO - Article saved as data/processed\bctech2017.txt
2024-09-03 22:36:05,146 - INFO - Article saved as data/processed\bctech2018.txt
2024-09-03 22:36:07,493 - INFO - Article saved as data/processed\bctech2019.txt
2024-09-03 22:36:09,920 - INFO - Article saved as data/processed\bctech2020.txt
2024-09-03 22:36:12,187 - INFO - Article saved as data/processed\bctech2021.txt
2024-09-03 22:36:14,732 - INFO - Article saved as data/processed\bctech2022.txt
2024-09-03 22:36:17,302 - INFO - Article saved as data/processed\bctech2023.txt
2024-09-03 22:36:19,655 - INFO - Article saved as data/processed\bctech2024.txt
2024-09-03 22:36:21,600 - INFO - Article saved as data/processed\bctech2025.txt
2024-09-03 22:36:23,936 - INFO - Article saved as data/processed\bctech2026.txt
2024-09-03 22:36:26,515 - INFO - Article saved as data/processed\bctech2027.txt
2024-09-03 22:36:29,057 - INFO - Article saved as data/processed\bctech2028.txt
2024-09-03 22:36:32,024 - INFO - Article saved as data/processed\bctech2029.txt
2024-09-03 22:36:34,475 - INFO - Article saved as data/processed\bctech2030.txt
2024-09-03 22:36:37,150 - INFO - Article saved as data/processed\bctech2031.txt
2024-09-03 22:36:39,746 - INFO - Article saved as data/processed\bctech2032.txt
2024-09-03 22:36:42,279 - INFO - Article saved as data/processed\bctech2033.txt
2024-09-03 22:36:44,823 - INFO - Article saved as data/processed\bctech2034.txt
2024-09-03 22:36:47,479 - INFO - Article saved as data/processed\bctech2035.txt
2024-09-03 22:36:50,398 - INFO - Article saved as data/processed\bctech2036.txt
2024-09-03 22:36:53,242 - INFO - Article saved as data/processed\bctech2037.txt
2024-09-03 22:36:55,890 - INFO - Article saved as data/processed\bctech2038.txt
2024-09-03 22:36:58,541 - INFO - Article saved as data/processed\bctech2039.txt
2024-09-03 22:37:01,103 - INFO - Article saved as data/processed\bctech2040.txt
2024-09-03 22:37:03,771 - INFO - Article saved as data/processed\bctech2041.txt
2024-09-03 22:37:06,417 - INFO - Article saved as data/processed\bctech2042.txt
2024-09-03 22:37:08,903 - INFO - Article saved as data/processed\bctech2043.txt
2024-09-03 22:37:11,455 - INFO - Article saved as data/processed\bctech2044.txt
2024-09-03 22:37:14,019 - INFO - Article saved as data/processed\bctech2045.txt
2024-09-03 22:37:16,375 - INFO - Article saved as data/processed\bctech2046.txt
2024-09-03 22:37:19,027 - INFO - Article saved as data/processed\bctech2047.txt
2024-09-03 22:37:21,679 - INFO - Article saved as data/processed\bctech2048.txt
2024-09-03 22:37:24,134 - INFO - Article saved as data/processed\bctech2049.txt
2024-09-03 22:37:27,007 - INFO - Article saved as data/processed\bctech2050.txt
2024-09-03 22:37:29,264 - INFO - Article saved as data/processed\bctech2051.txt
2024-09-03 22:37:31,539 - INFO - Article saved as data/processed\bctech2052.txt
2024-09-03 22:37:34,078 - INFO - Article saved as data/processed\bctech2053.txt
2024-09-03 22:37:36,633 - INFO - Article saved as data/processed\bctech2054.txt
2024-09-03 22:37:39,425 - INFO - Article saved as data/processed\bctech2055.txt
2024-09-03 22:37:42,169 - INFO - Article saved as data/processed\bctech2056.txt
2024-09-03 22:37:44,902 - INFO - Article saved as data/processed\bctech2057.txt
2024-09-03 22:37:47,891 - INFO - Article saved as data/processed\bctech2058.txt
2024-09-03 22:37:50,941 - INFO - Article saved as data/processed\bctech2059.txt
2024-09-03 22:37:53,913 - INFO - Article saved as data/processed\bctech2060.txt
2024-09-03 22:37:56,924 - INFO - Article saved as data/processed\bctech2061.txt
2024-09-03 22:37:59,874 - INFO - Article saved as data/processed\bctech2062.txt
2024-09-03 22:38:02,542 - INFO - Article saved as data/processed\bctech2063.txt
2024-09-03 22:38:05,192 - INFO - Article saved as data/processed\bctech2064.txt
2024-09-03 22:38:07,776 - INFO - Article saved as data/processed\bctech2065.txt
2024-09-03 22:38:10,526 - INFO - Article saved as data/processed\bctech2066.txt
2024-09-03 22:38:13,187 - INFO - Article saved as data/processed\bctech2067.txt
2024-09-03 22:38:15,877 - INFO - Article saved as data/processed\bctech2068.txt
2024-09-03 22:38:18,543 - INFO - Article saved as data/processed\bctech2069.txt
2024-09-03 22:38:21,205 - INFO - Article saved as data/processed\bctech2070.txt
2024-09-03 22:38:23,883 - INFO - Article saved as data/processed\bctech2071.txt
2024-09-03 22:38:26,042 - INFO - Article saved as data/processed\bctech2072.txt
2024-09-03 22:38:28,452 - INFO - Article saved as data/processed\bctech2073.txt
2024-09-03 22:38:30,907 - INFO - Article saved as data/processed\bctech2074.txt
2024-09-03 22:38:32,806 - INFO - Article saved as data/processed\bctech2075.txt
2024-09-03 22:38:35,314 - INFO - Article saved as data/processed\bctech2076.txt
2024-09-03 22:38:37,743 - INFO - Article saved as data/processed\bctech2077.txt
2024-09-03 22:38:40,396 - INFO - Article saved as data/processed\bctech2078.txt
2024-09-03 22:38:43,000 - INFO - Article saved as data/processed\bctech2079.txt
2024-09-03 22:38:45,048 - INFO - Article saved as data/processed\bctech2080.txt
2024-09-03 22:38:47,531 - INFO - Article saved as data/processed\bctech2081.txt
2024-09-03 22:38:49,958 - INFO - Article saved as data/processed\bctech2082.txt
2024-09-03 22:38:52,930 - INFO - Article saved as data/processed\bctech2083.txt
2024-09-03 22:38:55,819 - INFO - Article saved as data/processed\bctech2084.txt
2024-09-03 22:38:58,251 - INFO - Article saved as data/processed\bctech2085.txt
2024-09-03 22:39:00,918 - INFO - Article saved as data/processed\bctech2086.txt
2024-09-03 22:39:03,385 - INFO - Article saved as data/processed\bctech2087.txt
2024-09-03 22:39:05,976 - INFO - Article saved as data/processed\bctech2088.txt
2024-09-03 22:39:08,555 - INFO - Article saved as data/processed\bctech2089.txt
2024-09-03 22:39:11,154 - INFO - Article saved as data/processed\bctech2090.txt
2024-09-03 22:39:13,845 - INFO - Article saved as data/processed\bctech2091.txt
2024-09-03 22:39:16,573 - INFO - Article saved as data/processed\bctech2092.txt
2024-09-03 22:39:19,328 - INFO - Article saved as data/processed\bctech2093.txt
2024-09-03 22:39:22,127 - INFO - Article saved as data/processed\bctech2094.txt
2024-09-03 22:39:24,555 - INFO - Article saved as data/processed\bctech2095.txt
2024-09-03 22:39:27,147 - INFO - Article saved as data/processed\bctech2096.txt
2024-09-03 22:39:29,958 - INFO - Article saved as data/processed\bctech2097.txt
2024-09-03 22:39:32,689 - INFO - Article saved as data/processed\bctech2098.txt
2024-09-03 22:39:34,988 - INFO - Article saved as data/processed\bctech2099.txt
2024-09-03 22:39:37,491 - INFO - Article saved as data/processed\bctech2100.txt
2024-09-03 22:39:39,552 - INFO - Article saved as data/processed\bctech2101.txt
2024-09-03 22:39:42,111 - INFO - Article saved as data/processed\bctech2102.txt
2024-09-03 22:39:44,835 - INFO - Article saved as data/processed\bctech2103.txt
2024-09-03 22:39:47,291 - INFO - Article saved as data/processed\bctech2104.txt
2024-09-03 22:39:49,644 - INFO - Article saved as data/processed\bctech2105.txt
2024-09-03 22:39:52,220 - INFO - Article saved as data/processed\bctech2106.txt
2024-09-03 22:39:54,810 - INFO - Article saved as data/processed\bctech2107.txt
2024-09-03 22:39:57,126 - INFO - Article saved as data/processed\bctech2108.txt
2024-09-03 22:39:59,526 - INFO - Article saved as data/processed\bctech2109.txt
2024-09-03 22:40:01,528 - INFO - Article saved as data/processed\bctech2110.txt
2024-09-03 22:40:03,975 - INFO - Article saved as data/processed\bctech2111.txt
2024-09-03 22:40:05,835 - INFO - Article saved as data/processed\bctech2112.txt
2024-09-03 22:40:08,200 - INFO - Article saved as data/processed\bctech2113.txt
2024-09-03 22:40:10,239 - INFO - Article saved as data/processed\bctech2114.txt
2024-09-03 22:40:12,298 - INFO - Article saved as data/processed\bctech2115.txt
2024-09-03 22:40:14,524 - INFO - Article saved as data/processed\bctech2116.txt
2024-09-03 22:40:17,101 - INFO - Article saved as data/processed\bctech2117.txt
2024-09-03 22:40:19,514 - INFO - Article saved as data/processed\bctech2118.txt
2024-09-03 22:40:21,823 - INFO - Article saved as data/processed\bctech2119.txt
2024-09-03 22:40:24,279 - INFO - Article saved as data/processed\bctech2120.txt
2024-09-03 22:40:27,056 - INFO - Article saved as data/processed\bctech2121.txt
2024-09-03 22:40:29,392 - INFO - Article saved as data/processed\bctech2122.txt
2024-09-03 22:40:31,599 - INFO - Article saved as data/processed\bctech2123.txt
2024-09-03 22:40:34,109 - INFO - Article saved as data/processed\bctech2124.txt
2024-09-03 22:40:36,657 - INFO - Article saved as data/processed\bctech2125.txt
2024-09-03 22:40:39,472 - INFO - Article saved as data/processed\bctech2126.txt
2024-09-03 22:40:41,818 - INFO - Article saved as data/processed\bctech2127.txt
2024-09-03 22:40:44,676 - INFO - Article saved as data/processed\bctech2128.txt
2024-09-03 22:40:47,278 - INFO - Article saved as data/processed\bctech2129.txt
2024-09-03 22:40:49,566 - INFO - Article saved as data/processed\bctech2130.txt
2024-09-03 22:40:51,933 - INFO - Article saved as data/processed\bctech2131.txt
2024-09-03 22:40:54,478 - INFO - Article saved as data/processed\bctech2132.txt
2024-09-03 22:40:57,249 - INFO - Article saved as data/processed\bctech2133.txt
2024-09-03 22:40:59,903 - INFO - Article saved as data/processed\bctech2134.txt
2024-09-03 22:41:03,089 - INFO - Article saved as data/processed\bctech2135.txt
2024-09-03 22:41:06,769 - INFO - Article saved as data/processed\bctech2136.txt
2024-09-03 22:41:09,731 - INFO - Article saved as data/processed\bctech2137.txt
2024-09-03 22:41:12,721 - INFO - Article saved as data/processed\bctech2138.txt
2024-09-03 22:41:15,158 - INFO - Article saved as data/processed\bctech2139.txt
2024-09-03 22:41:17,810 - INFO - Article saved as data/processed\bctech2140.txt
2024-09-03 22:41:20,379 - INFO - Article saved as data/processed\bctech2141.txt
2024-09-03 22:41:23,048 - INFO - Article saved as data/processed\bctech2142.txt
2024-09-03 22:41:25,592 - INFO - Article saved as data/processed\bctech2143.txt
2024-09-03 22:41:28,598 - INFO - Article saved as data/processed\bctech2144.txt
2024-09-03 22:41:31,591 - INFO - Article saved as data/processed\bctech2145.txt
2024-09-03 22:41:34,608 - INFO - Article saved as data/processed\bctech2146.txt
2024-09-03 22:41:37,591 - INFO - Article saved as data/processed\bctech2147.txt
2024-09-03 22:41:40,165 - INFO - Article saved as data/processed\bctech2148.txt
2024-09-03 22:41:42,629 - INFO - Article saved as data/processed\bctech2149.txt
2024-09-03 22:41:45,362 - INFO - Article saved as data/processed\bctech2150.txt
2024-09-03 22:41:47,900 - INFO - Article saved as data/processed\bctech2151.txt
2024-09-03 22:41:50,528 - INFO - Article saved as data/processed\bctech2152.txt
2024-09-03 22:41:53,266 - INFO - Article saved as data/processed\bctech2153.txt
2024-09-03 22:41:56,057 - INFO - Article saved as data/processed\bctech2154.txt
2024-09-03 22:41:58,714 - INFO - Article saved as data/processed\bctech2155.txt
2024-09-03 22:42:01,257 - INFO - Article saved as data/processed\bctech2156.txt
2024-09-03 22:42:04,203 - INFO - Article saved as data/processed\bctech2157.txt
2024-09-03 22:50:25,688 - INFO - Article saved as data/processed\bctech2011.txt
2024-09-03 22:50:29,822 - INFO - Article saved as data/processed\bctech2012.txt
2024-09-03 22:50:34,018 - INFO - Article saved as data/processed\bctech2013.txt
2024-09-03 22:50:37,792 - INFO - Article saved as data/processed\bctech2014.txt
2024-09-03 22:50:41,888 - INFO - Article saved as data/processed\bctech2015.txt
2024-09-03 22:50:45,671 - INFO - Article saved as data/processed\bctech2016.txt
2024-09-03 22:50:48,272 - INFO - Article saved as data/processed\bctech2017.txt
2024-09-03 22:50:52,671 - INFO - Article saved as data/processed\bctech2018.txt
2024-09-03 22:50:57,286 - INFO - Article saved as data/processed\bctech2019.txt
2024-09-03 22:51:02,903 - INFO - Article saved as data/processed\bctech2020.txt
2024-09-03 22:51:07,419 - INFO - Article saved as data/processed\bctech2021.txt
2024-09-03 22:51:11,756 - INFO - Article saved as data/processed\bctech2022.txt
2024-09-03 22:51:37,956 - INFO - Article saved as data/processed\bctech2023.txt
2024-09-03 22:51:42,720 - INFO - Article saved as data/processed\bctech2024.txt
2024-09-03 22:51:46,623 - INFO - Article saved as data/processed\bctech2025.txt
2024-09-03 22:51:50,322 - INFO - Article saved as data/processed\bctech2026.txt
2024-09-03 22:51:53,976 - INFO - Article saved as data/processed\bctech2027.txt
2024-09-03 22:51:58,086 - INFO - Article saved as data/processed\bctech2028.txt
2024-09-03 22:52:01,978 - INFO - Article saved as data/processed\bctech2029.txt
2024-09-03 22:52:06,264 - INFO - Article saved as data/processed\bctech2030.txt
2024-09-03 22:52:10,597 - INFO - Article saved as data/processed\bctech2031.txt
2024-09-03 22:52:14,612 - INFO - Article saved as data/processed\bctech2032.txt
2024-09-03 22:52:18,756 - INFO - Article saved as data/processed\bctech2033.txt
2024-09-03 22:52:22,677 - INFO - Article saved as data/processed\bctech2034.txt
2024-09-03 22:52:25,938 - INFO - Article saved as data/processed\bctech2035.txt
2024-09-03 22:52:29,436 - INFO - Article saved as data/processed\bctech2036.txt
2024-09-03 22:52:33,204 - INFO - Article saved as data/processed\bctech2037.txt
2024-09-03 22:52:36,837 - INFO - Article saved as data/processed\bctech2038.txt
2024-09-03 22:52:40,878 - INFO - Article saved as data/processed\bctech2039.txt
2024-09-03 22:52:44,981 - INFO - Article saved as data/processed\bctech2040.txt
2024-09-03 22:52:48,993 - INFO - Article saved as data/processed\bctech2041.txt
2024-09-03 22:52:53,191 - INFO - Article saved as data/processed\bctech2042.txt
2024-09-03 22:52:56,744 - INFO - Article saved as data/processed\bctech2043.txt
2024-09-03 22:53:00,123 - INFO - Article saved as data/processed\bctech2044.txt
2024-09-03 22:53:03,800 - INFO - Article saved as data/processed\bctech2045.txt
2024-09-03 22:53:07,309 - INFO - Article saved as data/processed\bctech2046.txt
2024-09-03 22:53:11,595 - INFO - Article saved as data/processed\bctech2047.txt
2024-09-03 22:53:15,233 - INFO - Article saved as data/processed\bctech2048.txt
2024-09-03 22:53:18,551 - INFO - Article saved as data/processed\bctech2049.txt
2024-09-03 22:53:22,349 - INFO - Article saved as data/processed\bctech2050.txt
2024-09-03 22:53:25,998 - INFO - Article saved as data/processed\bctech2051.txt
2024-09-03 22:53:28,106 - INFO - Article saved as data/processed\bctech2052.txt
2024-09-03 22:53:30,597 - INFO - Article saved as data/processed\bctech2053.txt
2024-09-03 22:53:32,769 - INFO - Article saved as data/processed\bctech2054.txt
2024-09-03 22:53:34,852 - INFO - Article saved as data/processed\bctech2055.txt
2024-09-03 22:53:37,141 - INFO - Article saved as data/processed\bctech2056.txt
2024-09-03 22:53:39,319 - INFO - Article saved as data/processed\bctech2057.txt
2024-09-03 22:53:41,462 - INFO - Article saved as data/processed\bctech2058.txt
2024-09-03 22:53:43,565 - INFO - Article saved as data/processed\bctech2059.txt
2024-09-03 22:53:45,882 - INFO - Article saved as data/processed\bctech2060.txt
2024-09-03 22:53:48,133 - INFO - Article saved as data/processed\bctech2061.txt
2024-09-03 22:53:50,492 - INFO - Article saved as data/processed\bctech2062.txt
2024-09-03 22:53:52,694 - INFO - Article saved as data/processed\bctech2063.txt
2024-09-03 22:53:54,898 - INFO - Article saved as data/processed\bctech2064.txt
2024-09-03 22:53:56,943 - INFO - Article saved as data/processed\bctech2065.txt
2024-09-03 22:53:59,303 - INFO - Article saved as data/processed\bctech2066.txt
2024-09-03 22:54:01,387 - INFO - Article saved as data/processed\bctech2067.txt
2024-09-03 22:54:03,448 - INFO - Article saved as data/processed\bctech2068.txt
2024-09-03 22:54:05,619 - INFO - Article saved as data/processed\bctech2069.txt
2024-09-03 22:54:07,795 - INFO - Article saved as data/processed\bctech2070.txt
2024-09-03 22:54:09,948 - INFO - Article saved as data/processed\bctech2071.txt
2024-09-03 22:54:12,014 - INFO - Article saved as data/processed\bctech2072.txt
2024-09-03 22:54:14,010 - INFO - Article saved as data/processed\bctech2073.txt
2024-09-03 22:54:16,000 - INFO - Article saved as data/processed\bctech2074.txt
2024-09-03 22:54:18,250 - INFO - Article saved as data/processed\bctech2075.txt
2024-09-03 22:54:20,608 - INFO - Article saved as data/processed\bctech2076.txt
2024-09-03 22:54:22,860 - INFO - Article saved as data/processed\bctech2077.txt
2024-09-03 22:54:25,382 - INFO - Article saved as data/processed\bctech2078.txt
2024-09-03 22:54:27,572 - INFO - Article saved as data/processed\bctech2079.txt
2024-09-03 22:54:30,041 - INFO - Article saved as data/processed\bctech2080.txt
2024-09-03 22:54:32,287 - INFO - Article saved as data/processed\bctech2081.txt
2024-09-03 22:54:34,338 - INFO - Article saved as data/processed\bctech2082.txt
2024-09-03 22:54:36,600 - INFO - Article saved as data/processed\bctech2083.txt
2024-09-03 22:54:38,798 - INFO - Article saved as data/processed\bctech2084.txt
2024-09-03 22:54:40,977 - INFO - Article saved as data/processed\bctech2085.txt
2024-09-03 22:54:43,232 - INFO - Article saved as data/processed\bctech2086.txt
2024-09-03 22:54:45,726 - INFO - Article saved as data/processed\bctech2087.txt
2024-09-03 22:54:48,129 - INFO - Article saved as data/processed\bctech2088.txt
2024-09-03 22:54:50,505 - INFO - Article saved as data/processed\bctech2089.txt
2024-09-03 22:54:52,862 - INFO - Article saved as data/processed\bctech2090.txt
2024-09-03 22:54:55,117 - INFO - Article saved as data/processed\bctech2091.txt
2024-09-03 22:54:57,184 - INFO - Article saved as data/processed\bctech2092.txt
2024-09-03 22:54:59,433 - INFO - Article saved as data/processed\bctech2093.txt
2024-09-03 22:55:02,303 - INFO - Article saved as data/processed\bctech2094.txt
2024-09-03 22:55:04,547 - INFO - Article saved as data/processed\bctech2095.txt
2024-09-03 22:55:06,792 - INFO - Article saved as data/processed\bctech2096.txt
2024-09-03 22:55:09,419 - INFO - Article saved as data/processed\bctech2097.txt
2024-09-03 22:55:11,435 - INFO - Article saved as data/processed\bctech2098.txt
2024-09-03 22:55:13,443 - INFO - Article saved as data/processed\bctech2099.txt
2024-09-03 22:55:15,909 - INFO - Article saved as data/processed\bctech2100.txt
2024-09-03 22:55:18,032 - INFO - Article saved as data/processed\bctech2101.txt
2024-09-03 22:55:20,104 - INFO - Article saved as data/processed\bctech2102.txt
2024-09-03 22:55:22,142 - INFO - Article saved as data/processed\bctech2103.txt
2024-09-03 22:55:24,406 - INFO - Article saved as data/processed\bctech2104.txt
2024-09-03 22:55:26,767 - INFO - Article saved as data/processed\bctech2105.txt
2024-09-03 22:55:29,110 - INFO - Article saved as data/processed\bctech2106.txt
2024-09-03 22:55:31,542 - INFO - Article saved as data/processed\bctech2107.txt
2024-09-03 22:55:33,726 - INFO - Article saved as data/processed\bctech2108.txt
2024-09-03 22:55:35,797 - INFO - Article saved as data/processed\bctech2109.txt
2024-09-03 22:55:38,096 - INFO - Article saved as data/processed\bctech2110.txt
2024-09-03 22:55:40,277 - INFO - Article saved as data/processed\bctech2111.txt
2024-09-03 22:55:42,539 - INFO - Article saved as data/processed\bctech2112.txt
2024-09-03 22:55:44,778 - INFO - Article saved as data/processed\bctech2113.txt
2024-09-03 22:55:46,949 - INFO - Article saved as data/processed\bctech2114.txt
2024-09-03 22:55:49,204 - INFO - Article saved as data/processed\bctech2115.txt
2024-09-03 22:55:51,597 - INFO - Article saved as data/processed\bctech2116.txt
2024-09-03 22:55:53,590 - INFO - Article saved as data/processed\bctech2117.txt
2024-09-03 22:55:56,021 - INFO - Article saved as data/processed\bctech2118.txt
2024-09-03 22:55:58,327 - INFO - Article saved as data/processed\bctech2119.txt
2024-09-03 22:56:00,455 - INFO - Article saved as data/processed\bctech2120.txt
2024-09-03 22:56:02,711 - INFO - Article saved as data/processed\bctech2121.txt
2024-09-03 22:56:04,846 - INFO - Article saved as data/processed\bctech2122.txt
2024-09-03 22:56:06,815 - INFO - Article saved as data/processed\bctech2123.txt
2024-09-03 22:56:08,920 - INFO - Article saved as data/processed\bctech2124.txt
2024-09-03 22:56:11,201 - INFO - Article saved as data/processed\bctech2125.txt
2024-09-03 22:56:13,303 - INFO - Article saved as data/processed\bctech2126.txt
2024-09-03 22:56:15,353 - INFO - Article saved as data/processed\bctech2127.txt
2024-09-03 22:56:17,359 - INFO - Article saved as data/processed\bctech2128.txt
2024-09-03 22:56:19,385 - INFO - Article saved as data/processed\bctech2129.txt
2024-09-03 22:56:21,468 - INFO - Article saved as data/processed\bctech2130.txt
2024-09-03 22:56:23,483 - INFO - Article saved as data/processed\bctech2131.txt
2024-09-03 22:56:25,549 - INFO - Article saved as data/processed\bctech2132.txt
2024-09-03 22:56:27,788 - INFO - Article saved as data/processed\bctech2133.txt
2024-09-03 22:56:29,983 - INFO - Article saved as data/processed\bctech2134.txt
2024-09-03 22:56:32,159 - INFO - Article saved as data/processed\bctech2135.txt
2024-09-03 22:56:34,245 - INFO - Article saved as data/processed\bctech2136.txt
2024-09-03 22:56:36,559 - INFO - Article saved as data/processed\bctech2137.txt
2024-09-03 22:56:38,550 - INFO - Article saved as data/processed\bctech2138.txt
2024-09-03 22:56:40,796 - INFO - Article saved as data/processed\bctech2139.txt
2024-09-03 22:56:43,159 - INFO - Article saved as data/processed\bctech2140.txt
2024-09-03 22:56:45,191 - INFO - Article saved as data/processed\bctech2141.txt
2024-09-03 22:56:47,340 - INFO - Article saved as data/processed\bctech2142.txt
2024-09-03 22:56:49,488 - INFO - Article saved as data/processed\bctech2143.txt
2024-09-03 22:56:51,723 - INFO - Article saved as data/processed\bctech2144.txt
2024-09-03 22:56:53,833 - INFO - Article saved as data/processed\bctech2145.txt
2024-09-03 22:56:55,830 - INFO - Article saved as data/processed\bctech2146.txt
2024-09-03 22:56:57,884 - INFO - Article saved as data/processed\bctech2147.txt
2024-09-03 22:56:59,938 - INFO - Article saved as data/processed\bctech2148.txt
2024-09-03 22:57:01,903 - INFO - Article saved as data/processed\bctech2149.txt
2024-09-03 22:57:03,949 - INFO - Article saved as data/processed\bctech2150.txt
2024-09-03 22:57:06,190 - INFO - Article saved as data/processed\bctech2151.txt
2024-09-03 22:57:08,187 - INFO - Article saved as data/processed\bctech2152.txt
2024-09-03 22:57:10,278 - INFO - Article saved as data/processed\bctech2153.txt
2024-09-03 22:57:12,414 - INFO - Article saved as data/processed\bctech2154.txt
2024-09-03 22:57:14,378 - INFO - Article saved as data/processed\bctech2155.txt
2024-09-03 22:57:16,445 - INFO - Article saved as data/processed\bctech2156.txt
2024-09-03 22:57:18,463 - INFO - Article saved as data/processed\bctech2157.txt
2024-09-04 09:15:53,857 - INFO - Article saved as data/processed\bctech2011.txt
2024-09-04 09:15:56,819 - INFO - Article saved as data/processed\bctech2012.txt
2024-09-04 09:15:59,935 - INFO - Article saved as data/processed\bctech2013.txt
2024-09-04 09:16:03,324 - INFO - Article saved as data/processed\bctech2014.txt
2024-09-04 09:16:06,520 - INFO - Article saved as data/processed\bctech2015.txt
2024-09-04 09:16:09,483 - INFO - Article saved as data/processed\bctech2016.txt
2024-09-04 09:16:12,921 - INFO - Article saved as data/processed\bctech2017.txt
2024-09-04 09:16:16,061 - INFO - Article saved as data/processed\bctech2018.txt
2024-09-04 09:16:19,000 - INFO - Article saved as data/processed\bctech2019.txt
2024-09-04 09:16:22,253 - INFO - Article saved as data/processed\bctech2020.txt
2024-09-04 09:16:25,426 - INFO - Article saved as data/processed\bctech2021.txt
2024-09-04 09:16:28,739 - INFO - Article saved as data/processed\bctech2022.txt
2024-09-04 09:16:31,985 - INFO - Article saved as data/processed\bctech2023.txt
2024-09-04 09:16:35,167 - INFO - Article saved as data/processed\bctech2024.txt
2024-09-04 09:16:38,223 - INFO - Article saved as data/processed\bctech2025.txt
2024-09-04 09:16:41,526 - INFO - Article saved as data/processed\bctech2026.txt
2024-09-04 09:16:44,871 - INFO - Article saved as data/processed\bctech2027.txt
2024-09-04 09:16:47,988 - INFO - Article saved as data/processed\bctech2028.txt
2024-09-04 09:16:51,147 - INFO - Article saved as data/processed\bctech2029.txt
2024-09-04 09:16:54,307 - INFO - Article saved as data/processed\bctech2030.txt
2024-09-04 09:16:58,023 - INFO - Article saved as data/processed\bctech2031.txt
2024-09-04 09:17:01,308 - INFO - Article saved as data/processed\bctech2032.txt
2024-09-04 09:17:04,699 - INFO - Article saved as data/processed\bctech2033.txt
2024-09-04 09:17:08,045 - INFO - Article saved as data/processed\bctech2034.txt
2024-09-04 09:17:11,196 - INFO - Article saved as data/processed\bctech2035.txt
2024-09-04 09:17:14,479 - INFO - Article saved as data/processed\bctech2036.txt
2024-09-04 09:17:18,070 - INFO - Article saved as data/processed\bctech2037.txt
2024-09-04 09:17:21,338 - INFO - Article saved as data/processed\bctech2038.txt
2024-09-04 09:17:24,702 - INFO - Article saved as data/processed\bctech2039.txt
2024-09-04 09:17:28,237 - INFO - Article saved as data/processed\bctech2040.txt
2024-09-04 09:17:32,044 - INFO - Article saved as data/processed\bctech2041.txt
2024-09-04 09:17:35,267 - INFO - Article saved as data/processed\bctech2042.txt
2024-09-04 09:17:38,635 - INFO - Article saved as data/processed\bctech2043.txt
2024-09-04 09:17:41,526 - INFO - Article saved as data/processed\bctech2044.txt
2024-09-04 09:17:45,264 - INFO - Article saved as data/processed\bctech2045.txt
2024-09-04 09:17:48,531 - INFO - Article saved as data/processed\bctech2046.txt
2024-09-04 09:17:51,891 - INFO - Article saved as data/processed\bctech2047.txt
2024-09-04 09:17:55,133 - INFO - Article saved as data/processed\bctech2048.txt
2024-09-04 09:17:58,490 - INFO - Article saved as data/processed\bctech2049.txt
2024-09-04 09:18:01,832 - INFO - Article saved as data/processed\bctech2050.txt
2024-09-04 09:18:05,594 - INFO - Article saved as data/processed\bctech2051.txt
2024-09-04 09:18:09,266 - INFO - Article saved as data/processed\bctech2052.txt
2024-09-04 09:18:12,922 - INFO - Article saved as data/processed\bctech2053.txt
2024-09-04 09:18:16,329 - INFO - Article saved as data/processed\bctech2054.txt
2024-09-04 09:18:19,813 - INFO - Article saved as data/processed\bctech2055.txt
2024-09-04 09:18:23,306 - INFO - Article saved as data/processed\bctech2056.txt
2024-09-04 09:18:26,861 - INFO - Article saved as data/processed\bctech2057.txt
2024-09-04 09:18:30,123 - INFO - Article saved as data/processed\bctech2058.txt
2024-09-04 09:18:33,640 - INFO - Article saved as data/processed\bctech2059.txt
2024-09-04 09:18:36,852 - INFO - Article saved as data/processed\bctech2060.txt
2024-09-04 09:18:40,097 - INFO - Article saved as data/processed\bctech2061.txt
2024-09-04 09:18:43,670 - INFO - Article saved as data/processed\bctech2062.txt
2024-09-04 09:18:47,078 - INFO - Article saved as data/processed\bctech2063.txt
2024-09-04 09:18:50,370 - INFO - Article saved as data/processed\bctech2064.txt
2024-09-04 09:18:53,799 - INFO - Article saved as data/processed\bctech2065.txt
2024-09-04 09:18:57,289 - INFO - Article saved as data/processed\bctech2066.txt
2024-09-04 09:19:00,513 - INFO - Article saved as data/processed\bctech2067.txt
2024-09-04 09:19:04,030 - INFO - Article saved as data/processed\bctech2068.txt
2024-09-04 09:19:07,542 - INFO - Article saved as data/processed\bctech2069.txt
2024-09-04 09:19:10,567 - INFO - Article saved as data/processed\bctech2070.txt
2024-09-04 09:19:13,878 - INFO - Article saved as data/processed\bctech2071.txt
2024-09-04 09:19:17,474 - INFO - Article saved as data/processed\bctech2072.txt
2024-09-04 09:19:21,145 - INFO - Article saved as data/processed\bctech2073.txt
2024-09-04 09:19:24,857 - INFO - Article saved as data/processed\bctech2074.txt
2024-09-04 09:19:28,175 - INFO - Article saved as data/processed\bctech2075.txt
2024-09-04 09:19:32,121 - INFO - Article saved as data/processed\bctech2076.txt
2024-09-04 09:19:35,276 - INFO - Article saved as data/processed\bctech2077.txt
2024-09-04 09:19:38,747 - INFO - Article saved as data/processed\bctech2078.txt
2024-09-04 09:19:42,512 - INFO - Article saved as data/processed\bctech2079.txt
2024-09-04 09:19:45,826 - INFO - Article saved as data/processed\bctech2080.txt
2024-09-04 09:19:49,194 - INFO - Article saved as data/processed\bctech2081.txt
2024-09-04 09:19:52,426 - INFO - Article saved as data/processed\bctech2082.txt
2024-09-04 09:19:55,626 - INFO - Article saved as data/processed\bctech2083.txt
2024-09-04 09:19:58,936 - INFO - Article saved as data/processed\bctech2084.txt
2024-09-04 09:20:01,896 - INFO - Article saved as data/processed\bctech2085.txt
2024-09-04 09:20:05,235 - INFO - Article saved as data/processed\bctech2086.txt
2024-09-04 09:20:08,767 - INFO - Article saved as data/processed\bctech2087.txt
2024-09-04 09:20:11,992 - INFO - Article saved as data/processed\bctech2088.txt
2024-09-04 09:20:15,068 - INFO - Article saved as data/processed\bctech2089.txt
2024-09-04 09:20:18,201 - INFO - Article saved as data/processed\bctech2090.txt
2024-09-04 09:20:21,662 - INFO - Article saved as data/processed\bctech2091.txt
2024-09-04 09:20:24,941 - INFO - Article saved as data/processed\bctech2092.txt
2024-09-04 09:20:28,333 - INFO - Article saved as data/processed\bctech2093.txt
2024-09-04 09:20:31,471 - INFO - Article saved as data/processed\bctech2094.txt
2024-09-04 09:20:34,792 - INFO - Article saved as data/processed\bctech2095.txt
2024-09-04 09:20:38,062 - INFO - Article saved as data/processed\bctech2096.txt
2024-09-04 09:20:41,549 - INFO - Article saved as data/processed\bctech2097.txt
2024-09-04 09:20:44,816 - INFO - Article saved as data/processed\bctech2098.txt
2024-09-04 09:20:48,203 - INFO - Article saved as data/processed\bctech2099.txt
2024-09-04 09:20:51,485 - INFO - Article saved as data/processed\bctech2100.txt
2024-09-04 09:20:54,890 - INFO - Article saved as data/processed\bctech2101.txt
2024-09-04 09:20:58,296 - INFO - Article saved as data/processed\bctech2102.txt
2024-09-04 09:21:01,514 - INFO - Article saved as data/processed\bctech2103.txt
2024-09-04 09:21:05,374 - INFO - Article saved as data/processed\bctech2104.txt
2024-09-04 09:21:08,779 - INFO - Article saved as data/processed\bctech2105.txt
2024-09-04 09:21:12,033 - INFO - Article saved as data/processed\bctech2106.txt
2024-09-04 09:21:15,229 - INFO - Article saved as data/processed\bctech2107.txt
2024-09-04 09:21:18,423 - INFO - Article saved as data/processed\bctech2108.txt
2024-09-04 09:21:21,592 - INFO - Article saved as data/processed\bctech2109.txt
2024-09-04 09:21:25,034 - INFO - Article saved as data/processed\bctech2110.txt
2024-09-04 09:21:28,438 - INFO - Article saved as data/processed\bctech2111.txt
2024-09-04 09:21:32,029 - INFO - Article saved as data/processed\bctech2112.txt
2024-09-04 09:21:35,346 - INFO - Article saved as data/processed\bctech2113.txt
2024-09-04 09:21:38,531 - INFO - Article saved as data/processed\bctech2114.txt
2024-09-04 09:21:41,991 - INFO - Article saved as data/processed\bctech2115.txt
2024-09-04 09:21:45,355 - INFO - Article saved as data/processed\bctech2116.txt
2024-09-04 09:21:48,628 - INFO - Article saved as data/processed\bctech2117.txt
2024-09-04 09:21:51,767 - INFO - Article saved as data/processed\bctech2118.txt
2024-09-04 09:21:54,758 - INFO - Article saved as data/processed\bctech2119.txt
2024-09-04 09:21:57,801 - INFO - Article saved as data/processed\bctech2120.txt
2024-09-04 09:22:00,849 - INFO - Article saved as data/processed\bctech2121.txt
2024-09-04 09:22:04,386 - INFO - Article saved as data/processed\bctech2122.txt
2024-09-04 09:22:07,895 - INFO - Article saved as data/processed\bctech2123.txt
2024-09-04 09:22:11,091 - INFO - Article saved as data/processed\bctech2124.txt
2024-09-04 09:22:14,295 - INFO - Article saved as data/processed\bctech2125.txt
2024-09-04 09:22:17,595 - INFO - Article saved as data/processed\bctech2126.txt
2024-09-04 09:22:20,674 - INFO - Article saved as data/processed\bctech2127.txt
2024-09-04 09:22:23,859 - INFO - Article saved as data/processed\bctech2128.txt
2024-09-04 09:22:27,316 - INFO - Article saved as data/processed\bctech2129.txt
2024-09-04 09:22:31,031 - INFO - Article saved as data/processed\bctech2130.txt
2024-09-04 09:22:34,286 - INFO - Article saved as data/processed\bctech2131.txt
2024-09-04 09:22:37,356 - INFO - Article saved as data/processed\bctech2132.txt
2024-09-04 09:22:40,350 - INFO - Article saved as data/processed\bctech2133.txt
2024-09-04 09:22:43,576 - INFO - Article saved as data/processed\bctech2134.txt
2024-09-04 09:22:46,879 - INFO - Article saved as data/processed\bctech2135.txt
2024-09-04 09:22:50,055 - INFO - Article saved as data/processed\bctech2136.txt
2024-09-04 09:22:53,352 - INFO - Article saved as data/processed\bctech2137.txt
2024-09-04 09:22:56,573 - INFO - Article saved as data/processed\bctech2138.txt
2024-09-04 09:22:59,809 - INFO - Article saved as data/processed\bctech2139.txt
2024-09-04 09:23:03,094 - INFO - Article saved as data/processed\bctech2140.txt
2024-09-04 09:23:06,558 - INFO - Article saved as data/processed\bctech2141.txt
2024-09-04 09:23:09,971 - INFO - Article saved as data/processed\bctech2142.txt
2024-09-04 09:23:12,991 - INFO - Article saved as data/processed\bctech2143.txt
2024-09-04 09:23:16,582 - INFO - Article saved as data/processed\bctech2144.txt
2024-09-04 09:23:19,817 - INFO - Article saved as data/processed\bctech2145.txt
2024-09-04 09:23:23,143 - INFO - Article saved as data/processed\bctech2146.txt
2024-09-04 09:23:26,298 - INFO - Article saved as data/processed\bctech2147.txt
2024-09-04 09:23:29,385 - INFO - Article saved as data/processed\bctech2148.txt
2024-09-04 09:23:32,596 - INFO - Article saved as data/processed\bctech2149.txt
2024-09-04 09:23:35,578 - INFO - Article saved as data/processed\bctech2150.txt
2024-09-04 09:23:38,831 - INFO - Article saved as data/processed\bctech2151.txt
2024-09-04 09:23:41,891 - INFO - Article saved as data/processed\bctech2152.txt
2024-09-04 09:23:45,053 - INFO - Article saved as data/processed\bctech2153.txt
2024-09-04 09:23:48,684 - INFO - Article saved as data/processed\bctech2154.txt
2024-09-04 09:23:51,912 - INFO - Article saved as data/processed\bctech2155.txt
2024-09-04 09:23:55,209 - INFO - Article saved as data/processed\bctech2156.txt
2024-09-04 09:23:58,300 - INFO - Article saved as data/processed\bctech2157.txt
